ZZS-ZZT = 1
ZZS-ZZX = 1
ZZS-ZZY = 1
ZZT-ZZX = 1
ZZT-ZZY = 1
ZZX-ZZY = 1
AIL-ZZS = sem conexao
AIL-ZZT = sem conexao
AIL-ZZX = sem conexao
AIL-ZZY = sem conexao
CIJ-PHZ = 2
WFN-NTX = 2
QGB-BZL = 2
UBO-WLC = 2
KUU-PXS = 3
ZZF-CFA = 1
MGB-WFN = 2
LIK-SYD = 3
FWD-GNG = 2
WTR-NJF = 3
MDY-WSX = 3
HUV-OIL = 1
GYP-PBK = 3
ESI-QRK = 2
NQF-TAG = 2
OKO-HUV = 2
KUU-ZEV = 1
WLV-BEX = 3
WFN-YGD = 2
YCE-SYD = 2
VHT-WLC = 3
LIK-UKW = 2
LHW-GNG = 3
HHS-ZZF = 3
JIZ-BYQ = 3
UBO-BJJ = 3
AIL-AQI = 2
LDP-OKO = 3
LTM-ZZF = 2
SGM-YBA = 2
DNH-GBS = 3
LDH-PBK = 2
CFA-OKO = 2
VTB-JBB = 1
GEI-VKI = 3
TAG-LIK = 2
FWT-JXH = 2
UBN-FYH = 2
ITE-OKO = 2
AUG-JBB = 2
CFA-BYQ = 3
UYO-GEI = 3
AIL-NAS = 3
ITE-CFA = 1
ZZF-BEX = 2
QSN-AIL = 2
UYO-VHT = 2
JXH-FWD = 2
YCE-NPH = 2
FYH-SGM = 2
QSN-OIL = 2
AQI-WSX = 3
LTM-UKW = 1
FWD-BJJ = 3
OKO-ITE = 2
OKO-JXH = 2
DNH-QRK = 2
NAS-ETM = 1
NJF-RIR = 3
NPH-ULF = 2
OKO-MDY = 3
VKI-UKW = 2
HUV-NAS = 2
YOV-VLC = 2
GYP-UBO = 2
JXH-OPO = 1
NAS-QSN = 3
LNO-UYO = 3
DAM-YGD = 3
VKI-LIK = 2
QMQ-AIL = 3
IKD-BNB = 3
SHT-OPO = 3
DAM-JBB = 3
LHW-NJF = 3
WSX-QMQ = 3
HUV-CMA = 1
BZL-GAJ = 3
PIV-NPH = 3
QMQ-OKO = 2
SGM-LHW = 2
WTR-GEI = 2
LNO-FWT = 2
NPH-OIL = 2
NPH-VKI = 2
WLC-GAJ = 3
SGM-UYA = 2
ITE-ZZF = 1
KUU-QRK = 2
TAG-BEX = 2
QSN-AQI = 2
QTA-WMK = 2
ULV-LDP = 3
LDH-DLK = 2
IAB-IKD = 3
FWT-YOV = 2
JBB-PBK = 3
DNH-PHZ = 2
JBB-YCE = 2
BZL-UYO = 3
VKI-RIR = 2
UYO-VWA = 3
VTB-SYD = 1
OPO-SHT = 3
UHV-LHW = 3
BYQ-BZL = 3
DNH-UBO = 2
AQI-ITE = 3
UHV-DAM = 2
YOV-SGM = 2
BYQ-CIJ = 2
YBA-SYD = 2
HHS-ZEV = 1
OKO-WIR = 2
UBN-JIZ = 1
UHV-LNO = 1
UBN-YOV = 2
QTA-DNH = 2
VHT-NTX = 2
ULV-LTM = 3
VKI-CFA = 2
ZEV-OIL = 1
PHZ-UHV = 2
YOV-HUV = 1
QRK-KUU = 2
JNP-FWD = 1
UKW-QSN = 2
UBN-WIR = 2
DNH-OPO = 2
TAG-ZEV = 3
QRK-YBA = 2
NPH-QRK = 2
GAJ-TAG = 1
HUV-XFP = 3
PBK-DAM = 2
OKO-OPO = 3
ZEV-AQI = 2
AQI-BNB = 2
NQF-VTB = 2
BEX-UBO = 2
UBO-PBK = 2
BJJ-ESI = 3
SYD-LTM = 2
GBS-XFP = 2
MDY-VKI = 2
NPH-AUG = 1
IKD-SYD = 3
PXS-MQZ = 1
PHZ-UKW = 2
AQI-WLC = 2
PIV-NJF = 2
QRK-FWD = 3
AUG-NAU = 2
PHZ-LIK = 1
LNO-BEX = 3
RIR-JIZ = 2
NQF-CIJ = 2
WLC-WZW = 1
BNB-MQZ = 2
ESI-RIR = 2
WLC-VLC = 2
BEX-LNH = 2
UBO-NAU = 2
QTA-NQF = 3
GAJ-LHW = 3
BJJ-LIK = 3
VTB-LNH = 3
GAJ-UYA = 3
NAU-LIK = 2
QGB-MQZ = 1
PIV-PXS = 2
VHT-IAB = 2
RIR-PIV = 2
PBK-LHW = 2
NJF-WFN = 3
PNQ-LHW = 1
LDH-YOV = 2
UYA-NPH = 1
ZEV-BYQ = 2
LDP-GEI = 2
VWA-ITE = 2
NTX-ZZF = 2
MDY-GYP = 3
NAS-OKO = 2
VWP-BEX = 2
BEX-GYP = 3
DNH-AUG = 2
NTX-LDP = 2
LDH-GYP = 2
BZL-YBA = 3
ZZF-UKW = 3
UYO-VWU = 2
WIR-BYQ = 2
BZL-JNP = 3
GEI-GBS = 3
OPO-LNO = 1
LHW-ZZF = 2
BEX-TAG = 2
VWP-BNB = 1
MQZ-NQF = 1
OIL-MDY = 2
QMQ-UHV = 2
LTM-IAB = 3
FWT-LNH = 3
ESI-WZW = 2
DNH-LIK = 2
UKW-ITE = 3
GNG-CIJ = 2
SHT-WMK = 3
SGM-SHT = 3
QGB-ZZF = 1
LDP-UHV = 2
VTB-GEI = 2
OIL-WMK = 1
PNQ-MDY = 3
LIK-UYA = 2
AUG-JNP = 2
ESI-BZL = 3
MQZ-NTX = 2
YOV-UYO = 2
BYQ-ZEV = 2
ITE-PHZ = 3
YGD-DNH = 2
ETM-NAS = 1
CIJ-HUV = 2
UHV-GNG = 2
LDP-AUG = 2
ULF-GEI = 2
ESI-UYA = 3
LIK-LDP = 2
QGB-DLK = 3
OIL-BYQ = 2
HHS-OKO = 2
UHV-AIL = 2
ETM-UBN = 2
CMA-DAM = 2
LDP-FWT = 2
PNQ-DAM = 3
PIV-ULF = 2
UHV-WLC = 2
UKW-YOV = 3
LDP-MDY = 1
LNH-BZL = 3
SYD-WIR = 2
PNQ-CFA = 2
YOV-ZEV = 2
VKI-VTB = 2
LTM-VLC = 2
XFP-BEX = 2
DAM-RIR = 1
UHV-QMQ = 2
DAM-QMQ = 3
WLV-YBA = 2
FWT-NQF = 2
HXA-VWP = 2
HHS-LHW = 4
JIZ-WLV = 2
OKO-DAM = 2
NAU-QGB = 1
LHW-WZW = 3
DLK-JBB = 2
ZEV-UYO = 2
QMQ-BZL = 3
ZZF-DLK = 2
CIJ-WZW = 2
VLC-SHT = 3
MGB-NJF = 2
LTM-PXS = 3
YOV-NPH = 1
WTR-QSN = 3
UYA-NJF = 3
PBK-PIV = 1
NJF-BYQ = 2
DNH-QMQ = 2
FWT-ITE = 2
YOV-SHT = 3
KUU-MDY = 3
YGD-UBN = 2
ZEV-SYD = 2
VWA-GYP = 2
UKW-LIK = 2
VTB-LNO = 3
OKO-CIJ = 2
GBS-BNB = 2
VHT-PBK = 2
AQI-ZEV = 2
BNB-YGD = 2
SHT-BYQ = 3
HHS-PIV = 2
AUG-LHW = 3
PNQ-MQZ = 2
DNH-ZZF = 3
HUV-NAU = 3
ETM-UHV = 2
UYA-OPO = 1
UYA-GEI = 2
LTM-AUG = 2
ULV-TAG = 2
UBN-KUU = 2
NPH-KUU = 2
NPH-VTB = 2
CIJ-ESI = 3
WLC-WLV = 2
LDP-MGB = 2
WFN-LIK = 2
VWU-DLK = 3
NJF-CMA = 2
AQI-ESI = 2
VHT-BJJ = 3
LDP-IKD = 3
IKD-OPO = 2
UKW-JBB = 3
OPO-ESI = 2
UKW-PIV = 2
VWA-OKO = 3
LNO-VWA = 2
NTX-CFA = 1
UYA-UBO = 2
MGB-UYO = 2
WMK-WLV = 2
WSX-NAS = 3
IKD-PHZ = 3
PIV-LNH = 2
VKI-SGM = 2
BCF-WSX = 1
ZEV-QTA = 1
QRK-YOV = 2
ZZF-BNB = 2
QGB-WMK = 2
QTA-VLC = 2
OKO-UYO = 2
FWT-TAG = 2
WIR-ULF = 3
ZEV-WTR = 2
WZW-VLC = 2
BJJ-PNQ = 3
YCE-ULF = 3
UYA-WLC = 2
MGB-RIR = 3
MDY-NAS = 3
DNH-CMA = 2
IAB-SHT = 2
NPH-WMK = 2
XFP-JXH = 3
QGB-ULV = 2
AQI-XFP = 3
WIR-ZEV = 2
WIR-OIL = 2
DAM-WIR = 2
UYA-TAG = 2
WTR-VWU = 2
CIJ-AQI = 3
YBA-PNQ = 3
ULV-IKD = 3
KUU-VLC = 3
HHS-QRK = 1
IAB-HHS = 2
NAS-ZEV = 3
DAM-BEX = 3
YCE-OKO = 2
CIJ-HHS = 2
DAM-OKO = 2
PIV-BNB = 2
RIR-BZL = 3
PBK-VKI = 2
PBK-RIR = 2
OPO-QSN = 2
WFN-WZW = 2
UBO-BYQ = 2
ZEV-SGM = 2
PIV-VWU = 2
VLC-LIK = 3
PBK-UKW = 2
NTX-IKD = 1
QTA-QRK = 2
BCF-AIL = 2
HUV-GBS = 2
BEX-KUU = 2
VKI-UYO = 2
PHZ-DNH = 2
BYQ-SHT = 3
QGB-VWU = 2
DAM-PNQ = 3
SGM-PBK = 3
GAJ-UYO = 3
BJJ-YBA = 2
LDP-RIR = 2
NPH-QTA = 2
VHT-LHW = 3
YBA-JIZ = 3
ITE-GNG = 3
VTB-QTA = 1
WSX-QGB = 2
WMK-QSN = 3
XFP-HXA = 2
UBO-LDP = 2
VHT-UYA = 2
OPO-UKW = 2
PXS-SHT = 3
GEI-WZW = 3
NQF-ITE = 2
WIR-YGD = 3
LIK-HHS = 3
PBK-IKD = 2
CFA-ZEV = 3
FWD-WZW = 2
ULV-PHZ = 3
NTX-UYO = 3
RIR-ITE = 2
HUV-JIZ = 1
NQF-OIL = 2
ZZF-YGD = 2
NJF-ETM = 1
MQZ-PXS = 1
PNQ-NQF = 2
LIK-LNO = 2
JBB-HHS = 2
SHT-MDY = 3
HXA-PHZ = 3
FYH-HHS = 3
BNB-YCE = 2
JIZ-ULF = 2
VTB-MGB = 2
AQI-HHS = 2
LIK-LNH = 2
YOV-NQF = 3
LDH-WLC = 3
WMK-GBS = 3
BYQ-WLC = 3
LTM-WIR = 2
WLC-CFA = 3
DLK-GBS = 3
GEI-YCE = 2
VLC-QMQ = 2
WSX-ULF = 1
CIJ-SGM = 2
VKI-AQI = 1
OKO-ZEV = 2
DLK-SYD = 2
VTB-BJJ = 2
GAJ-XFP = 2
FWT-YBA = 3
LNO-ULF = 3
VTB-HUV = 2
QTA-VKI = 1
CFA-JXH = 2
GBS-BYQ = 3
VWA-XFP = 2
UKW-QGB = 2
FWD-LNH = 3
BZL-JIZ = 3
KUU-BCF = 3
NTX-WLC = 2
HXA-OPO = 2
SYD-WMK = 2
AUG-SYD = 2
LIK-OPO = 1
PIV-RIR = 2
GAJ-WIR = 2
BEX-VWA = 2
TAG-CIJ = 2
WMK-CFA = 2
QGB-ITE = 2
PBK-QSN = 3
BEX-ULV = 3
LNH-QMQ = 3
OKO-AUG = 2
BCF-YOV = 2
UYA-QMQ = 3
LNO-DNH = 3
JXH-VWU = 2
FWD-YGD = 2
PNQ-AIL = 2
PXS-ZEV = 3
MQZ-TAG = 2
UYA-YBA = 3
NQF-LNO = 3
VWU-UHV = 2
BCF-UYA = 2
OIL-ETM = 2
BZL-LDH = 3
WLV-DLK = 1
YCE-UYA = 1
VTB-ITE = 2
VKI-CIJ = 3
GEI-LDH = 2
NTX-ETM = 2
QRK-YCE = 3
IAB-PBK = 3
BNB-WFN = 2
AUG-WZW = 2
OKO-LHW = 2
VTB-UBN = 3
QSN-LNH = 2
ULF-WIR = 3
YBA-JBB = 2
NPH-VWP = 2
YOV-VWP = 2
FWD-VWU = 1
BCF-GYP = 3
QRK-LTM = 2
AUG-YBA = 3
LDP-NTX = 2
PHZ-PBK = 3
LNH-VLC = 3
IKD-KUU = 1
VWP-UYA = 2
BJJ-VWA = 2
BZL-PIV = 2
YOV-WLC = 2
UKW-NTX = 2
IAB-VKI = 2
LIK-WTR = 3
ITE-UHV = 2
QMQ-LHW = 3
HXA-QGB = 1
LNO-IKD = 3
GAJ-ZZF = 2
IKD-AQI = 2
LDP-ITE = 3
NTX-QTA = 2
OPO-WLV = 2
IKD-UHV = 2
ITE-ZEV = 2
BEX-UHV = 2
UHV-ZZF = 3
AQI-UHV = 1
WIR-UBO = 3
PIV-UYA = 2
BZL-HHS = 3
ESI-LDP = 3
JIZ-PXS = 3
FWD-LNO = 2
JNP-HXA = 2
NAS-AIL = 3
PNQ-VWU = 2
MDY-GNG = 2
BZL-FYH = 2
DAM-GNG = 3
WIR-UYO = 2
JIZ-DNH = 3
BEX-CMA = 3
GBS-ITE = 2
OIL-OKO = 2
XFP-IKD = 3
PHZ-QTA = 2
GEI-PHZ = 2
ULF-DNH = 3
WMK-LDH = 3
UKW-YGD = 2
PXS-OKO = 2
ETM-DNH = 3
PIV-LDH = 2
NAS-CFA = 2
NAU-LHW = 3
RIR-DLK = 2
BJJ-NQF = 3
ESI-ZEV = 3
BNB-WSX = 2
ULF-HUV = 2
ETM-JXH = 2
PXS-HXA = 3
JXH-QGB = 2
NPH-PIV = 3
NAS-CMA = 1
IAB-BCF = 3
KUU-UYO = 3
HXA-LNO = 3
YBA-NTX = 3
WIR-SYD = 2
CFA-NAU = 3
FWT-LDP = 2
HXA-ITE = 3
SHT-JIZ = 1
YOV-UYA = 2
LTM-NQF = 1
WIR-VWP = 2
CFA-PHZ = 3
LNO-CMA = 3
AQI-WTR = 3
VWA-QTA = 1
BYQ-BEX = 1
QGB-LHW = 2
KUU-FYH = 2
JBB-AIL = 2
VWU-VWP = 2
QMQ-LNO = 3
WTR-BZL = 3
PNQ-SHT = 3
FYH-DAM = 2
ULV-HHS = 2
ITE-YOV = 2
IAB-GEI = 2
SGM-GYP = 2
LNO-TAG = 3
OKO-VLC = 2
BJJ-HHS = 2
UKW-WIR = 2
LTM-WLC = 2
HUV-UBO = 2
WLC-YBA = 2
UYA-FWD = 2
UHV-BNB = 3
WLC-GBS = 1
ETM-ZEV = 2
JIZ-ULV = 2
PIV-BJJ = 3
WLC-JIZ = 2
GAJ-JIZ = 2
FWT-BZL = 2
ZZF-PIV = 2
QSN-ETM = 2
WZW-BCF = 2
WMK-WTR = 2
IAB-NAU = 3
AQI-WFN = 2
GAJ-OIL = 3
YGD-NAU = 2
BNB-JNP = 2
UKW-VWA = 3
NJF-LNO = 2
NJF-NQF = 3
WTR-MDY = 3
WZW-KUU = 2
BCF-IKD = 3
BCF-KUU = 3
SHT-DAM = 3
VKI-BYQ = 2
WMK-JXH = 2
FYH-MQZ = 1
UBN-VKI = 2
LDH-UYA = 2
JIZ-LTM = 1
SGM-GEI = 2
MQZ-OIL = 1
UYO-ETM = 3
CIJ-UYO = 3
MDY-LDP = 1
IKD-WZW = 3
WSX-HXA = 1
OIL-YBA = 3
WLV-WFN = 2
QSN-YOV = 2
ZZF-WSX = 2
CIJ-WMK = 3
IKD-ETM = 2
NQF-LTM = 1
PHZ-WSX = 2
JXH-FYH = 3
YBA-RIR = 3
TAG-UBN = 2
NQF-BEX = 2
LDP-VLC = 3
QRK-ESI = 2
HUV-JBB = 2
HUV-HXA = 2
PIV-VLC = 2
ULF-DAM = 3
BCF-MGB = 3
ULV-WMK = 2
HUV-DNH = 3
ZEV-DAM = 2
DAM-OPO = 1
MDY-NJF = 3
YOV-UKW = 3
NQF-ESI = 1
YOV-LNH = 2
JXH-PIV = 2
WZW-QSN = 2
NJF-YCE = 2
NAU-BZL = 3
WTR-FYH = 3
YBA-BCF = 3
GNG-PXS = 3
ZEV-QMQ = 2
VHT-JIZ = 1
HUV-KUU = 2
NAU-VHT = 2
AQI-JXH = 2
WTR-LIK = 3
NAS-OPO = 3
ETM-GBS = 2
WIR-LTM = 2
VWP-UBO = 2
VHT-UYO = 2
GBS-HUV = 2
QGB-AUG = 2
YBA-QTA = 2
WTR-AIL = 2
IKD-WMK = 3
OKO-IAB = 2
SHT-LDH = 2
AIL-KUU = 2
BZL-BCF = 2
YBA-HXA = 3
PIV-UKW = 2
VTB-OIL = 2
ETM-AUG = 3
PHZ-ESI = 2
NAU-SHT = 3
ITE-VWP = 2
HHS-PXS = 3
DNH-UKW = 2
PBK-UYO = 2
KUU-LHW = 3
NQF-UHV = 2
WTR-BCF = 2
VTB-CIJ = 2
QTA-YCE = 2
JIZ-MQZ = 2
PBK-GYP = 3
AUG-VWU = 2
QSN-NAU = 2
AUG-UYO = 3
UKW-OPO = 2
BCF-XFP = 2
VHT-VTB = 2
OIL-UYA = 2
YOV-WSX = 2
ITE-SHT = 2
MQZ-KUU = 2
VWA-AQI = 2
CFA-ULF = 2
VTB-JXH = 3
LNH-QTA = 2
QRK-ULF = 2
ETM-CIJ = 1
VTB-QGB = 2
JIZ-VTB = 2
WSX-ETM = 2
MGB-ZZF = 2
ESI-ETM = 2
LNH-UBO = 3
AIL-BEX = 2
NJF-HUV = 3
JXH-NQF = 2
WZW-SHT = 2
NAU-SGM = 3
LHW-YCE = 3
ZEV-GYP = 3
BZL-VWU = 2
LDP-VTB = 1
BNB-BEX = 2
BYQ-NPH = 3
WIR-DLK = 2
TAG-ULF = 2
NQF-MQZ = 1
DNH-LHW = 2
IKD-MDY = 3
QSN-WZW = 2
PHZ-BNB = 3
ESI-IAB = 3
NTX-NAU = 2
QMQ-MGB = 1
PIV-VKI = 1
RIR-JBB = 3
DLK-UBO = 2
VLC-HHS = 2
WIR-OPO = 3
JNP-YOV = 2
VLC-GBS = 2
NJF-QMQ = 2
WLV-IAB = 2
ULF-AIL = 2
GEI-QGB = 2
MQZ-IAB = 2
GYP-OKO = 1
VWA-PHZ = 3
DAM-GAJ = 2
LNO-GAJ = 3
VHT-VWU = 3
HXA-PNQ = 3
FWT-ETM = 2
VWP-WMK = 3
YCE-UHV = 2
JBB-PHZ = 2
PIV-ETM = 1
AQI-LNH = 2
JNP-PHZ = 2
WLV-UBO = 2
SGM-ESI = 2
ETM-HUV = 2
ULV-OIL = 2
QTA-YGD = 2
LTM-FWT = 2
WIR-WFN = 2
VWU-WZW = 2
LHW-HXA = 2
OPO-BYQ = 2
UBO-VWP = 2
VWU-PIV = 2
PBK-FWT = 3
VKI-PXS = 3
GBS-SGM = 2
WIR-UBN = 2
QGB-LDH = 2
RIR-NJF = 3
BZL-NPH = 2
SGM-NAS = 3
UBN-LIK = 2
NPH-LIK = 2
QTA-BZL = 2
VWP-QTA = 2
UKW-TAG = 2
RIR-ETM = 2
WLC-OIL = 1
LTM-LNO = 3
AUG-WFN = 2
NPH-CIJ = 2
VKI-NAU = 3
QRK-GBS = 2
VLC-LHW = 3
JIZ-GAJ = 2
JIZ-ZZF = 2
AIL-QTA = 3
VWA-MDY = 2
WZW-LHW = 3
SGM-VWP = 2
XFP-LHW = 3
LNH-MDY = 3
SGM-VHT = 3
LHW-PXS = 2
PBK-PXS = 3
FWD-PBK = 2
ZZF-GNG = 3
ITE-KUU = 3
PNQ-UHV = 2
NAU-VKI = 3
ITE-UYO = 3
VWU-PBK = 2
PNQ-LDP = 3
VTB-ZEV = 2
WIR-BEX = 3
UBN-ESI = 3
LHW-YGD = 3
GBS-NAS = 2
DNH-FWD = 2
PBK-NAS = 3
AIL-ULF = 2
NAU-GAJ = 3
GYP-YGD = 1
BCF-QMQ = 2
GYP-PXS = 1
QSN-HHS = 2
GAJ-FWT = 2
UKW-VHT = 2
PHZ-GEI = 2
IAB-SYD = 2
LNH-UBN = 3
DLK-LNO = 3
UKW-HUV = 2
AUG-BZL = 3
BYQ-ITE = 2
UKW-CMA = 3
PHZ-FYH = 2
QRK-BJJ = 3
QSN-WLV = 2
LNO-YCE = 2
LDP-FYH = 2
VKI-GAJ = 1
YOV-SYD = 2
AIL-VKI = 2
GNG-MGB = 3
WMK-NAU = 3
ULV-QRK = 3
MDY-ULV = 3
NQF-ZEV = 2
CIJ-ETM = 1
UYO-GYP = 3
YOV-FWT = 2
ZEV-HHS = 1
RIR-QTA = 3
NPH-BYQ = 3
WZW-PNQ = 3
WZW-FYH = 3
JXH-WSX = 2
YOV-DAM = 2
CIJ-YGD = 2
ETM-CMA = 2
DAM-FWT = 3
PIV-OIL = 1
VWU-OIL = 1
GNG-LIK = 2
CIJ-VWP = 2
FYH-QRK = 3
HXA-YOV = 2
ULV-AIL = 2
RIR-ULV = 2
YGD-FYH = 2
WLC-FWT = 2
DLK-WIR = 2
FYH-JIZ = 2
TAG-KUU = 2
ESI-TAG = 2
YCE-QMQ = 2
ULV-JIZ = 2
VTB-LDP = 1
JIZ-ZEV = 2
OIL-BCF = 2
GBS-OIL = 2
ITE-IKD = 3
VLC-BCF = 3
XFP-NAS = 3
SYD-ITE = 3
GNG-HHS = 3
LDP-CMA = 3
WSX-RIR = 2
VKI-WSX = 2
DLK-ZZF = 2
VWA-UHV = 2
PBK-QGB = 2
KUU-QGB = 2
KUU-CIJ = 1
JBB-UHV = 3
ESI-BYQ = 1
FWD-QMQ = 2
NAS-BCF = 4
WIR-XFP = 1
VWP-LDH = 2
SYD-CFA = 3
YGD-LTM = 1
BZL-QRK = 3
VWP-LHW = 3
ETM-LHW = 3
GEI-WLC = 2
VHT-SGM = 3
NJF-OPO = 2
YBA-XFP = 3
LHW-VWP = 3
AQI-UYA = 2
TAG-YGD = 2
JNP-HUV = 3
FYH-SHT = 2
SHT-MQZ = 2
RIR-NAS = 3
YOV-JXH = 2
GNG-YGD = 3
PNQ-PXS = 3
BYQ-DAM = 3
NPH-TAG = 2
JIZ-PNQ = 3
PIV-BYQ = 1
XFP-SHT = 3
GEI-FYH = 2
YOV-QGB = 2
LTM-BEX = 2
YCE-MQZ = 2
YBA-LDH = 2
DLK-NQF = 2
MGB-UBO = 2
WTR-QTA = 2
PHZ-GBS = 2
PHZ-NJF = 3
HHS-VWA = 2
GYP-HHS = 2
NPH-NAS = 3
YOV-VKI = 2
JBB-VKI = 2
BEX-NPH = 2
NAS-WFN = 3
UBN-IAB = 3
TAG-WLV = 1
HUV-ESI = 3
YCE-BNB = 2
MDY-BCF = 3
LIK-BEX = 2
WZW-ULF = 1
IAB-TAG = 1
HXA-GAJ = 2
QTA-WIR = 2
PIV-WLV = 2
JIZ-NQF = 1
CMA-WIR = 3
AIL-PHZ = 2
SGM-QRK = 2
VWU-GYP = 3
VWA-WZW = 3
VKI-WIR = 2
MDY-UBN = 2
FWD-YCE = 1
SHT-ZEV = 1
QMQ-RIR = 3
YCE-JNP = 2
NAU-WLC = 2
DLK-YGD = 1
HUV-FYH = 2
QSN-OKO = 2
ESI-LTM = 2
WLC-LIK = 2
MQZ-SGM = 3
VWP-ULF = 2
WIR-MQZ = 2
BEX-QTA = 1
ULF-CIJ = 1
LNH-JBB = 2
KUU-MQZ = 2
WFN-KUU = 2
GEI-JBB = 2
ITE-VWA = 2
YGD-PIV = 2
HXA-BNB = 3
AQI-IKD = 2
PNQ-AUG = 3
LHW-CIJ = 3
HXA-UYO = 2
IKD-YBA = 3
YOV-BJJ = 2
PHZ-VWP = 3
DLK-LDH = 2
GBS-NQF = 2
IKD-NAS = 3
WMK-BJJ = 2
CMA-LIK = 3
KUU-OPO = 2
PIV-ULV = 2
WMK-WLC = 2
IAB-DLK = 3
TAG-LDH = 2
MDY-QTA = 3
NPH-DLK = 1
UYO-WLV = 2
LDH-BNB = 1
PHZ-QSN = 2
WZW-YCE = 2
RIR-OKO = 3
WMK-DNH = 2
LHW-XFP = 3
LDP-PXS = 2
NQF-IKD = 2
JBB-VWA = 3
KUU-UBN = 2
GAJ-VWU = 2
WFN-QTA = 2
HXA-UHV = 2
FWD-UBO = 2
BCF-FWD = 3
PXS-MDY = 3
WFN-ETM = 3
UYA-WLV = 2
NAU-LNH = 3
PHZ-JXH = 1
NAU-PNQ = 3
VTB-YCE = 2
DNH-ULV = 3
CMA-VTB = 3
CMA-JBB = 2
BZL-MGB = 3
QTA-ULF = 3
DLK-VWA = 2
VWU-BZL = 2
ESI-QGB = 3
GAJ-LTM = 2
WLC-DLK = 2
CFA-GNG = 2
YCE-PHZ = 2
GNG-YOV = 2
UYO-NAS = 3
KUU-LNH = 2
MGB-QGB = 2
NAU-FWT = 2
QGB-CMA = 2
ZZF-WLV = 2
NQF-VWP = 2
HHS-KUU = 2
AQI-AIL = 2
QMQ-WMK = 2
BEX-BCF = 1
YBA-VHT = 3
LNO-ZEV = 3
VWA-JNP = 3
UYO-RIR = 2
QTA-MDY = 3
HUV-IKD = 2
OIL-JNP = 3
PNQ-VKI = 3
OKO-LDP = 3
LDH-VWU = 2
QTA-ITE = 1
PHZ-RIR = 2
IKD-HXA = 2
KUU-YOV = 1
TAG-MDY = 2
VKI-ULF = 2
ULF-AQI = 2
JBB-FYH = 2
NAS-UBN = 3
NPH-NAU = 2
LHW-RIR = 3
UBO-WFN = 2
WLV-ULV = 2
SGM-ZEV = 2
WIR-PHZ = 2
LIK-GNG = 2
BCF-BNB = 2
WTR-FWT = 3
ZZF-NJF = 2
RIR-JNP = 3
AIL-BNB = 3
LDH-SHT = 2
VWU-GEI = 2
NAU-MDY = 3
VWP-UYO = 2
HUV-ZZF = 2
PHZ-WIR = 2
GEI-LDP = 2
LIK-PHZ = 1
YGD-GEI = 2
JBB-PIV = 2
WTR-WLC = 2
WIR-ESI = 2
LTM-BYQ = 2
AQI-WZW = 2
DLK-LIK = 2
VWP-QGB = 1
AQI-CMA = 3
GYP-VKI = 3
BCF-FWT = 2
BZL-LIK = 3
QGB-NJF = 1
ULV-ZZF = 1
DLK-ITE = 2
UBO-PIV = 2
WLV-QSN = 2
BEX-WTR = 2
TAG-FWT = 2
NJF-VTB = 2
FWD-DLK = 2
PXS-GNG = 3
ULV-BEX = 3
LDH-NQF = 2
DNH-GEI = 1
LHW-QGB = 2
PIV-PHZ = 2
UYA-BZL = 2
BJJ-FWT = 3
MGB-HHS = 2
QGB-VLC = 2
NPH-LNH = 2
KUU-NJF = 2
VWP-BYQ = 2
QRK-LNO = 3
NAS-MGB = 2
QRK-WLV = 2
YBA-IAB = 3
HXA-GYP = 2
NPH-PBK = 2
YBA-BNB = 1
ULF-WLV = 2
OPO-IAB = 2
NTX-SHT = 2
MGB-YBA = 2
VWA-WSX = 3
PXS-AIL = 2
WLV-VHT = 2
GEI-YBA = 2
LTM-UYO = 2
WIR-LIK = 2
WLV-BJJ = 2
GBS-BJJ = 3
BYQ-ETM = 2
VKI-SHT = 2
MDY-FYH = 2
MQZ-VWP = 2
IAB-HUV = 3
VKI-BNB = 1
VWP-SGM = 2
XFP-UKW = 3
BJJ-DNH = 2
MDY-LIK = 2
LNH-BJJ = 3
SGM-OIL = 3
FWD-ETM = 2
QRK-WLC = 3
IAB-ETM = 2
GYP-CMA = 2
TAG-LNH = 2
SYD-MDY = 2
CMA-ULV = 2
SGM-YGD = 3
WLC-WSX = 1
BCF-BEX = 1
FWT-XFP = 3
JNP-CFA = 2
UBO-FWT = 1
DLK-WMK = 2
OPO-AQI = 1
VWA-SHT = 3
JNP-ZEV = 3
GBS-LNO = 3
YOV-QRK = 2
HUV-QTA = 2
NTX-LNH = 3
WTR-VHT = 3
GNG-IAB = 3
NTX-UHV = 1
VHT-UBN = 2
PXS-UKW = 3
WLC-WFN = 3
ZEV-BCF = 2
NTX-WIR = 3
TAG-FYH = 2
SHT-NTX = 2
FWD-GYP = 2
NJF-JXH = 2
MDY-VLC = 3
VHT-ZEV = 2
PIV-MQZ = 2
BCF-PHZ = 3
CFA-OIL = 2
YGD-LDP = 1
GYP-VHT = 2
YCE-LDH = 1
MQZ-BNB = 2
HUV-YGD = 2
ESI-YBA = 3
VWP-MDY = 2
LTM-NAS = 2
LNO-SHT = 2
OPO-PNQ = 2
OKO-YBA = 3
VKI-MDY = 2
LIK-JBB = 2
AUG-VKI = 2
CFA-VKI = 2
BYQ-VWA = 3
UHV-LTM = 2
JIZ-WZW = 2
LNO-IAB = 2
MGB-JXH = 2
BZL-HXA = 2
PXS-GYP = 1
QSN-VWA = 3
YGD-MQZ = 3
CFA-YCE = 3
CMA-BYQ = 3
JIZ-LNH = 2
NQF-HHS = 2
YCE-PXS = 3
XFP-OPO = 2
PXS-JBB = 2
NQF-NTX = 2
UHV-JIZ = 2
AQI-CFA = 3
DAM-LNH = 2
BZL-WLC = 1
VKI-DAM = 3
UHV-QRK = 2
FWT-AUG = 2
HHS-LNH = 2
VLC-FWD = 2
OPO-AIL = 2
AUG-NAS = 3
PIV-VTB = 2
TAG-UYA = 2
VHT-QMQ = 2
WFN-CMA = 3
BZL-VWP = 2
ULF-HHS = 2
CFA-IAB = 3
UYA-ETM = 3
BJJ-SYD = 3
FYH-OKO = 2
VLC-KUU = 3
QMQ-UKW = 2
SHT-WIR = 2
YBA-QMQ = 2
CFA-AUG = 3
BEX-DNH = 1
SYD-UKW = 3
BEX-YGD = 2
NTX-SGM = 1
VLC-UHV = 1
BJJ-VKI = 3
GBS-UBO = 1
WLC-WIR = 3
PBK-ESI = 2
VWP-GEI = 2
OKO-QSN = 2
NAS-VHT = 3
YGD-UYA = 3
ULF-QMQ = 3
WMK-AUG = 2
AIL-WMK = 2
MQZ-HUV = 2
MGB-LIK = 2
ESI-YGD = 2
VKI-VHT = 3
ZEV-UKW = 2
GAJ-VKI = 1
BNB-HUV = 2
HXA-VWU = 3
WSX-VWU = 2
WLC-BNB = 2
LDP-CIJ = 2
JIZ-GNG = 2
NTX-LDH = 2
SGM-DNH = 2
DNH-SYD = 2
NPH-JBB = 2
BJJ-VHT = 3
BJJ-QTA = 3
WFN-GEI = 1
XFP-WZW = 2
VHT-YBA = 3
PHZ-MQZ = 2
SYD-AUG = 2
QMQ-IAB = 3
VLC-GEI = 2
PNQ-QRK = 3
LNH-XFP = 3
GBS-NAU = 2
QGB-VHT = 1
MDY-OIL = 2
XFP-VWP = 2
CMA-NAU = 3
MDY-LDH = 2
XFP-NQF = 3
VWU-FYH = 2
UBN-WLC = 2
HHS-LDP = 2
LDP-XFP = 3
PIV-AIL = 2
VWA-WLV = 3
UBN-OIL = 2
NAU-LNO = 2
HUV-VWU = 2
IKD-LHW = 3
JBB-NJF = 1
CFA-ITE = 1
HUV-AIL = 2
AUG-BCF = 2
LTM-QSN = 2
GBS-BCF = 3
BCF-AQI = 3
MQZ-FWT = 3
IAB-ITE = 2
BZL-GBS = 2
OIL-FWD = 2
BJJ-GYP = 2
IKD-IAB = 3
VKI-TAG = 2
SYD-GEI = 2
FWD-HUV = 2
XFP-VKI = 3
WLV-OIL = 1
NAU-SYD = 2
BZL-PNQ = 3
OIL-DNH = 2
FYH-HXA = 2
HUV-YBA = 2
QRK-FWT = 2
GYP-ETM = 1
QRK-BEX = 2
LDH-LDP = 2
WIR-VLC = 2
QSN-VTB = 3
LIK-ZZF = 2
VWU-NAS = 3
PHZ-GYP = 2
TAG-QRK = 2
NAS-WSX = 3
VLC-AUG = 3
CFA-CIJ = 2
LDH-VWA = 3
CMA-SGM = 3
DAM-LIK = 2
QMQ-NPH = 2
SYD-GBS = 1
MDY-RIR = 3
QTA-SHT = 2
WTR-ESI = 3
UBO-PXS = 3
GAJ-WZW = 3
VWP-NAU = 2
UYO-LIK = 2
WLC-LNH = 3
LIK-IAB = 1
ITE-ETM = 2
OPO-GYP = 2
ULV-VTB = 2
RIR-HXA = 2
WFN-SYD = 2
ETM-ULF = 2
WFN-ULV = 2
SYD-PNQ = 3
JIZ-AUG = 1
XFP-AQI = 3
LDP-AIL = 2
JXH-DNH = 3
WTR-UBO = 2
ETM-VLC = 1
ESI-BNB = 2
BEX-VKI = 2
WFN-JBB = 3
MDY-MQZ = 2
VTB-OPO = 3
WIR-OKO = 2
MDY-WIR = 3
UYA-SYD = 2
BZL-LDP = 3
XFP-PBK = 3
IAB-VTB = 2
UKW-LTM = 1
YOV-OKO = 2
NJF-QGB = 1
BJJ-WZW = 3
QSN-UBO = 2
WLC-VWU = 1
XFP-FWT = 3
SHT-SYD = 3
NJF-MQZ = 2
LDH-GEI = 2
VWP-ZZF = 1
VKI-NJF = 2
BZL-QGB = 2
UHV-KUU = 2
LIK-CFA = 2
UHV-FWD = 1
ZEV-HXA = 1
VKI-BZL = 2
CFA-QRK = 3
KUU-DAM = 1
AIL-QSN = 2
OKO-FWT = 2
UKW-QRK = 2
XFP-DAM = 3
PBK-NAU = 3
YOV-UBO = 1
JBB-YGD = 2
QRK-NPH = 2
ULF-FWT = 2
LDH-VKI = 2
UHV-YOV = 2
BNB-JXH = 2
AQI-DNH = 1
GYP-TAG = 2
OPO-IKD = 2
XFP-DNH = 2
FWT-ESI = 1
WTR-NAU = 1
SHT-VWP = 1
JNP-LHW = 3
FYH-BEX = 2
NJF-GBS = 3
PXS-UBN = 3
ZEV-CMA = 2
ZEV-WIR = 2
CMA-UBO = 2
QSN-IAB = 2
UYA-VWA = 2
PIV-JBB = 2
BEX-UYO = 2
BEX-ZZF = 2
QMQ-GEI = 2
LDP-VWU = 1
MDY-QSN = 1
TAG-SYD = 1
BJJ-GBS = 3
YCE-IKD = 3
GBS-UBN = 3
PBK-OIL = 2
VLC-DNH = 3
AQI-MQZ = 2
DAM-CMA = 2
NAU-PXS = 3
CMA-ULF = 2
IAB-UYO = 2
UKW-IKD = 3
JBB-PXS = 2
PXS-ITE = 2
NQF-BZL = 3
MGB-CMA = 1
SGM-WZW = 3
NAU-XFP = 2
BZL-UYA = 2
HUV-ITE = 3
SHT-GBS = 3
NTX-GNG = 1
PNQ-YOV = 2
NAS-DLK = 2
MDY-TAG = 2
ETM-NJF = 1
WTR-WZW = 1
VLC-UYA = 2
UBO-UYO = 3
TAG-NJF = 2
LNH-KUU = 2
BCF-BYQ = 2
JIZ-GEI = 2
TAG-MGB = 2
PBK-WLV = 2
YCE-BJJ = 3
SYD-FYH = 3
UHV-IAB = 2
OIL-NQF = 2
WTR-SHT = 3
UYO-WFN = 2
VLC-ESI = 2
IKD-GNG = 2
ESI-GAJ = 3
SGM-DLK = 2
UYA-GNG = 3
ETM-QGB = 2
QGB-VTB = 2
VWP-IAB = 1
MQZ-LNH = 2
GYP-AIL = 3
DNH-LNH = 2
BJJ-JIZ = 2
WFN-ZZF = 2
BZL-GYP = 3
QGB-ZEV = 2
LNH-QGB = 2
NQF-YCE = 2
IAB-OPO = 2
FWT-SYD = 3
ULF-QGB = 2
NQF-JBB = 3
BZL-PBK = 3
PIV-YCE = 2
LIK-MDY = 2
JIZ-LHW = 3
WZW-UKW = 1
OIL-IAB = 2
RIR-LNH = 1
GEI-GNG = 1
LNH-SYD = 3
PIV-YOV = 2
NJF-VWA = 3
BCF-GNG = 3
SHT-YOV = 3
LIK-MQZ = 2
MQZ-LNO = 3
YCE-DLK = 2
VWU-ULF = 1
QSN-BJJ = 2
LTM-MGB = 2
SGM-YCE = 3
WMK-YBA = 3
NAS-GYP = 1
LDP-PHZ = 3
WMK-NQF = 2
IAB-VLC = 2
AIL-AUG = 3
YGD-QGB = 2
GNG-GEI = 1
NTX-WTR = 2
YOV-YCE = 2
SGM-LDP = 3
PHZ-LHW = 3
OPO-SYD = 2
MQZ-PHZ = 2
WLC-NAS = 2
PXS-NJF = 2
OPO-FYH = 3
VWA-LNO = 2
LIK-VWP = 2
DNH-OIL = 2
WTR-YOV = 3
VWU-WFN = 2
WFN-LNO = 3
LDH-LNH = 2
ZZF-HUV = 2
JIZ-GYP = 2
UBN-LHW = 3
LTM-VTB = 1
CMA-LNO = 3
SYD-ULF = 3
GNG-GAJ = 3
PNQ-NTX = 3
FYH-WIR = 2
MDY-ITE = 2
PBK-DLK = 1
LDP-NJF = 2
WIR-WMK = 1
OPO-PXS = 2
UHV-ULF = 2
YBA-GYP = 2
LNH-CFA = 2
FWD-PXS = 3
QGB-VWA = 2
UYO-ZEV = 2
YGD-CMA = 2
YOV-PXS = 3
WSX-UYO = 2
BNB-PXS = 3
ESI-QTA = 3
VWU-XFP = 3
UYO-HXA = 2
KUU-VHT = 2
PHZ-ETM = 2
ETM-VWA = 2
GAJ-QGB = 2
AIL-UBO = 2
HUV-YCE = 2
BZL-DAM = 3
GAJ-VLC = 2
YGD-LHW = 3
BZL-YOV = 3
NAS-QMQ = 2
BCF-YGD = 3
AUG-CMA = 2
QRK-UBO = 1
LHW-WLC = 2
DNH-LNO = 3
QGB-AIL = 1
VLC-ETM = 1
UKW-UYO = 3
XFP-OKO = 2
UYA-VHT = 2
LNH-JIZ = 2
AUG-QRK = 3
VLC-CMA = 2
RIR-YGD = 2
NJF-ZZF = 2
LHW-UKW = 3
ZEV-GEI = 2
VLC-LDH = 3
WSX-CIJ = 2
PNQ-VHT = 2
VWP-DNH = 2
SGM-CIJ = 2
VWA-UYA = 2
QTA-LTM = 2
QRK-JXH = 2
HUV-HHS = 2
UHV-ITE = 2
AIL-UBN = 3
BZL-BNB = 3
PBK-YOV = 1
LTM-ZEV = 1
GBS-VTB = 2
HXA-WTR = 2
WSX-VWP = 3
HXA-XFP = 2
PBK-VWP = 3
IAB-VWA = 2
UKW-GEI = 3
PHZ-LNH = 2
NAU-YOV = 2
NPH-QMQ = 2
JIZ-CFA = 3
QGB-NQF = 2
SGM-HXA = 2
DNH-KUU = 2
PIV-SYD = 2
GAJ-PXS = 3
QRK-DLK = 2
DLK-GYP = 2
VTB-XFP = 2
AUG-LDP = 2
JNP-MQZ = 2
UYA-WIR = 2
YOV-BZL = 3
NJF-UHV = 2
SHT-VTB = 2
HXA-MDY = 4
LHW-AUG = 3
BNB-UKW = 3
DAM-JXH = 2
YOV-AUG = 2
UHV-UBN = 3
LTM-JNP = 2
UYO-VWP = 2
IKD-PIV = 1
ULV-CIJ = 3
BNB-BYQ = 3
HXA-WMK = 3
VWU-GNG = 3
PHZ-PXS = 3
NTX-MDY = 3
UBO-MGB = 2
GBS-BZL = 2
DAM-BZL = 3
CMA-LDH = 3
LDH-LHW = 3
TAG-HXA = 2
NTX-DLK = 2
ULF-BCF = 2
LDH-VTB = 1
VWP-LNO = 1
BNB-LNH = 3
DNH-WSX = 2
AIL-JXH = 3
VWU-NAU = 1
DLK-PBK = 1
GEI-PNQ = 2
HHS-GEI = 2
VLC-PIV = 2
NAU-NPH = 2
OIL-WLC = 1
BEX-HUV = 2
VTB-JNP = 1
HHS-XFP = 2
UBO-CMA = 2
UYO-AUG = 3
DNH-ZEV = 1
DNH-WIR = 3
DNH-UYA = 1
UHV-IKD = 2
NQF-FWT = 2
VWP-BCF = 2
DNH-OKO = 2
VKI-FWD = 2
BJJ-AUG = 3
GNG-AUG = 3
YGD-SGM = 3
ULF-NTX = 1
BCF-PNQ = 3
ZEV-ETM = 2
VHT-LIK = 1
NPH-VWA = 2
PIV-LHW = 2
LIK-VTB = 2
NAS-WLV = 2
WMK-OKO = 3
DNH-FWT = 2
UYA-ESI = 3
LNH-AIL = 1
FWT-BJJ = 3
UBO-UYA = 2
BNB-UYO = 2
YGD-HXA = 3
WIR-WTR = 2
LIK-PNQ = 1
NQF-QGB = 2
OIL-GAJ = 3
WLC-NJF = 3
GNG-BCF = 3
UYO-NJF = 2
ULV-WLV = 2
VWP-LTM = 2
VWA-WFN = 1
ZEV-IAB = 2
IKD-CIJ = 2
ETM-LNH = 3
JNP-VLC = 3
RIR-VTB = 2
ETM-BJJ = 2
PNQ-ZEV = 3
PBK-QTA = 3
FWD-LDH = 2
YGD-VWU = 2
UHV-ESI = 2
MGB-VTB = 2
OPO-VWA = 1
GBS-GAJ = 3
GAJ-ETM = 2
LNH-DLK = 3
NJF-PHZ = 3
MDY-UHV = 3
JNP-GEI = 2
PHZ-UBO = 1
LDP-PIV = 2
NAU-VLC = 2
OIL-UKW = 2
MGB-TAG = 2
TAG-GBS = 2
ULV-KUU = 3
NAU-VWA = 3
PNQ-WSX = 2
CFA-MGB = 3
LTM-DLK = 2
VWA-LHW = 3
LNO-YGD = 2
LDP-NAU = 2
UKW-FWT = 3
IKD-DNH = 2
LDP-WLV = 3
VWP-WLV = 3
ITE-UKW = 3
YCE-NAU = 2
NTX-VKI = 3
WSX-CFA = 3
ULF-UYO = 3
LNO-GEI = 3
IAB-ZZF = 2
ZEV-CIJ = 2
JBB-WIR = 1
YOV-WZW = 3
YBA-ZEV = 2
QRK-DNH = 2
WFN-AQI = 2
AQI-GEI = 2
DLK-BEX = 2
ESI-NJF = 3
LIK-RIR = 2
ULF-JIZ = 2
NQF-UKW = 1
VWU-LDH = 2
PNQ-JIZ = 3
MDY-WLC = 2
FWD-KUU = 2
YCE-FWD = 1
BEX-WLC = 2
WMK-QRK = 2
AIL-PXS = 2
PBK-GNG = 3
LDP-BCF = 2
OKO-NAU = 2
GEI-GYP = 3
OKO-MGB = 2
PBK-VWA = 3
AUG-YCE = 2
SHT-BJJ = 3
SYD-AIL = 2
GNG-AQI = 3
AQI-OPO = 1
UHV-VTB = 2
WFN-PHZ = 2
BJJ-UKW = 3
BYQ-UBN = 2
IAB-GBS = 2
UYO-KUU = 3
IKD-WTR = 3
GEI-MGB = 2
DAM-PBK = 2
UHV-DLK = 2
PBK-WZW = 2
LNO-NTX = 2
TAG-ZZF = 1
WZW-ITE = 3
LNH-IAB = 3
OIL-CIJ = 2
BCF-VKI = 3
SHT-XFP = 3
WIR-PBK = 2
YCE-GAJ = 2
MDY-BZL = 3
HHS-QMQ = 1
XFP-YBA = 3
JXH-UBN = 3
LNO-ULV = 2
NJF-FWT = 3
HXA-CIJ = 2
ULV-FWD = 3
WLC-HUV = 1
VTB-NTX = 2
WFN-AIL = 3
LNH-YBA = 3
YOV-VWU = 2
UYA-BYQ = 2
QRK-VHT = 1
WMK-SGM = 2
HXA-DAM = 1
UKW-VWU = 2
AUG-HHS = 3
YCE-JIZ = 3
NJF-XFP = 2
QMQ-UYO = 2
GNG-GBS = 2
LNO-LHW = 4
JXH-HXA = 3
WFN-LTM = 2
SGM-OPO = 2
PNQ-FWT = 2
WSX-FYH = 1
HXA-JNP = 2
FWT-LNO = 2
GYP-DNH = 2
YBA-ULV = 1
AUG-GYP = 3
QTA-BJJ = 3
MGB-DNH = 1
OPO-FWT = 2
BYQ-LDP = 2
HHS-VHT = 2
QSN-SYD = 2
YGD-NQF = 2
VWP-QMQ = 2
ZZF-WFN = 2
UHV-JNP = 2
CIJ-BJJ = 2
WMK-MDY = 3
OKO-IKD = 2
UBN-QRK = 3
NAU-DAM = 3
LHW-QSN = 3
CIJ-RIR = 3
PNQ-VTB = 3
JBB-GYP = 2
WSX-PIV = 1
GAJ-UBN = 1
WMK-BEX = 3
NPH-PNQ = 3
VWA-LIK = 2
ETM-VWU = 3
DLK-NJF = 2
WZW-ZZF = 2
BJJ-CFA = 3
JIZ-CIJ = 2
AIL-QMQ = 3
BEX-BYQ = 1
WFN-AUG = 2
UYA-SGM = 2
ZEV-UBO = 2
FWD-QGB = 2
WIR-QMQ = 2
VWP-FYH = 2
LTM-VKI = 3
ZZF-WTR = 2
NAS-BZL = 3
PHZ-HHS = 2
GNG-BNB = 3
IAB-PNQ = 2
BZL-CFA = 2
GYP-IAB = 1
NAU-RIR = 3
QTA-VWP = 2
WMK-QGB = 2
RIR-OIL = 2
MDY-SYD = 2
DNH-VWU = 2
KUU-ESI = 3
YCE-GEI = 2
HHS-LDH = 1
UHV-OIL = 2
ETM-JBB = 2
UKW-ETM = 2
QSN-VWP = 3
XFP-TAG = 1
QTA-NJF = 3
WIR-MGB = 2
VTB-LDH = 1
UKW-QTA = 2
NTX-LIK = 3
PHZ-ZZF = 2
FYH-WZW = 3
ZZF-BCF = 2
VTB-BZL = 2
AUG-MDY = 3
AQI-HUV = 2
JIZ-WMK = 2
WMK-NPH = 2
ETM-PHZ = 2
LTM-GNG = 2
UBN-RIR = 2
LIK-WLV = 2
AUG-VWA = 2
DAM-CIJ = 2
PIV-WFN = 2
KUU-NPH = 2
IAB-YOV = 2
MQZ-LDP = 2
FWD-WTR = 3
DNH-JBB = 2
ULV-WZW = 2
LIK-GEI = 1
BJJ-SHT = 3
UHV-RIR = 3
LHW-OKO = 2
FWT-CFA = 2
BZL-ESI = 3
LHW-ITE = 2
IAB-LNH = 3
UKW-NAU = 2
CMA-KUU = 2
BZL-LNH = 3
RIR-LHW = 3
TAG-QTA = 2
WLC-JNP = 3
AIL-JBB = 2
SYD-VWP = 2
HHS-YOV = 3
VTB-GBS = 2
RIR-BNB = 2
VWP-PHZ = 3
TAG-LNO = 3
OKO-WLC = 3
LNH-WSX = 3
CMA-CFA = 2
VKI-JBB = 2
ULF-ETM = 2
SHT-CFA = 2
PIV-ESI = 2
PNQ-SGM = 3
TAG-VKI = 2
OKO-ETM = 1
JIZ-WFN = 3
ZZF-QMQ = 3
AQI-VWA = 2
NJF-UBO = 3
WIR-NAU = 3
LNO-AQI = 2
UYA-UKW = 1
NAS-DNH = 3
ETM-MGB = 2
PBK-ULF = 2
PNQ-UKW = 3
MGB-VWP = 2
YBA-DAM = 3
QTA-ULV = 2
KUU-OKO = 3
WIR-FWT = 3
YOV-JIZ = 2
BEX-JIZ = 2
WFN-QRK = 1
VWA-NQF = 3
NTX-OPO = 2
VHT-WSX = 2
VWU-BCF = 2
SGM-UHV = 2
YGD-BCF = 3
JBB-FWT = 2
MQZ-NJF = 2
VKI-LDH = 2
YGD-RIR = 2
VWA-AUG = 2
YBA-UHV = 2
TAG-WSX = 1
PBK-BZL = 3
SGM-UBO = 3
UYA-AUG = 1
NTX-MGB = 3
BYQ-MGB = 2
MGB-PIV = 3
QMQ-GBS = 1
NQF-WMK = 2
PXS-GEI = 2
UYO-LHW = 3
QGB-SGM = 3
NPH-WIR = 3
LNO-WMK = 3
BEX-PXS = 3
IAB-WLC = 2
QTA-FWT = 2
QSN-UBN = 2
QGB-DAM = 2
ULV-UYO = 3
QSN-MQZ = 2
GBS-NPH = 2
VWA-NAS = 3
BYQ-TAG = 2
NJF-GNG = 2
CFA-PBK = 2
CIJ-NTX = 1
RIR-GAJ = 2
IKD-AUG = 3
NTX-DNH = 3
BJJ-SGM = 3
FWT-SHT = 2
BYQ-VKI = 2
DAM-MQZ = 1
OIL-BJJ = 3
MDY-PIV = 3
VTB-WFN = 3
VWU-BYQ = 2
OKO-SYD = 1
ESI-JBB = 2
BEX-BNB = 2
CMA-LTM = 3
IAB-VWU = 3
HXA-OKO = 3
DLK-BZL = 3
YBA-WSX = 2
GAJ-YCE = 2
QMQ-MQZ = 3
ULF-GAJ = 3
LDH-YBA = 2
ULV-PNQ = 3
HHS-VWP = 3
ESI-DLK = 2
AIL-SHT = 2
ITE-PIV = 3
VTB-OKO = 2
YBA-WMK = 3
ESI-FWT = 1
YOV-MGB = 2
UYO-CFA = 3
WFN-VWU = 2
SYD-WSX = 2
LNO-WSX = 3
DAM-NTX = 2
JXH-VKI = 3
OKO-WFN = 2
FWT-PBK = 3
QTA-GAJ = 2
FWT-AIL = 3
LIK-NAU = 2
BNB-SGM = 1
JXH-YBA = 3
IAB-JIZ = 2
AUG-LTM = 2
VKI-PHZ = 2
YOV-LDH = 2
OKO-KUU = 3
JXH-JNP = 2
MDY-HHS = 3
TAG-SGM = 2
AUG-QGB = 2
FWD-WLV = 3
IKD-WIR = 3
WLV-HUV = 2
UYO-MDY = 3
JBB-NQF = 3
JBB-ESI = 2
JNP-AQI = 2
ESI-LNO = 3
DNH-WLC = 3
YCE-UBO = 3
VWU-CFA = 3
BYQ-YOV = 2
BCF-ETM = 3
YGD-GAJ = 2
LNO-ETM = 2
YCE-ESI = 3
UHV-UBO = 1
CIJ-CFA = 2
DAM-UYA = 2
DLK-PIV = 2
NPH-OPO = 2
NJF-AQI = 3
ETM-WIR = 3
WFN-ULF = 1
NAS-PBK = 3
JBB-BEX = 2
YGD-PXS = 2
NTX-BNB = 2
FWD-VHT = 2
BYQ-XFP = 3
HHS-BZL = 3
UYA-AIL = 2
KUU-GBS = 3
DAM-PIV = 2
FYH-NAS = 2
LDH-TAG = 2
OIL-VHT = 2
YGD-NJF = 2
LIK-NQF = 1
PBK-WMK = 3
QTA-IKD = 3
PBK-CMA = 3
VWU-SGM = 3
ZZF-QGB = 1
WIR-GNG = 3
XFP-PNQ = 3
MGB-VKI = 3
TAG-GEI = 1
VLC-NQF = 2
NJF-SYD = 3
VLC-JIZ = 2
WMK-BNB = 3
MDY-AUG = 3
QMQ-VTB = 2
BNB-OIL = 2
WZW-JXH = 3
BEX-IAB = 2
WLV-GYP = 3
ULV-VHT = 3
ULV-AQI = 3
WZW-BJJ = 3
UBO-KUU = 2
LTM-PBK = 1
HHS-AUG = 3
GAJ-UKW = 3
CFA-YBA = 3
CFA-LTM = 2
DLK-IAB = 3
SYD-AQI = 3
QTA-GBS = 1
CFA-VTB = 3
NPH-UKW = 2
SYD-ZZF = 2
AIL-FWT = 3
IAB-VWP = 1
SYD-ESI = 2
NTX-GYP = 2
LNH-NQF = 2
IAB-NJF = 2
UBO-NPH = 2
JXH-AUG = 3
YOV-QMQ = 2
PHZ-VHT = 2
PBK-ZEV = 2
JNP-VWA = 3
VHT-OPO = 2
UYO-IAB = 2
LHW-TAG = 2
KUU-WZW = 2
UYO-PNQ = 3
ZZF-NAS = 2
ETM-BCF = 3
WMK-VWP = 3
JIZ-FWT = 3
QGB-WLC = 2
FYH-LNO = 2
XFP-VWA = 2
PXS-GAJ = 3
JNP-BCF = 2
SGM-QTA = 3
ZZF-LTM = 2
NJF-GEI = 3
QTA-TAG = 2
JNP-HHS = 2
VTB-CMA = 3
NPH-WLV = 2
SGM-VWA = 2
VWU-JXH = 2
UYO-CIJ = 3
JBB-WLC = 2
NPH-JXH = 3
VLC-FYH = 3
AQI-UKW = 1
BNB-OKO = 2
WSX-BEX = 2
ETM-YGD = 1
JBB-BZL = 2
JXH-WFN = 2
LHW-ETM = 3
AUG-OKO = 2
UBN-DAM = 3
CFA-IKD = 2
GYP-HXA = 2
BNB-MDY = 1
JNP-LDP = 2
MGB-NTX = 3
BNB-AQI = 2
NAS-NPH = 3
UBN-BEX = 2
NJF-BNB = 3
OPO-GAJ = 2
YCE-SGM = 3
QTA-UYA = 1
LDP-TAG = 2
QSN-YCE = 2
GNG-ESI = 2
UBO-ITE = 3
FWD-VWA = 2
PXS-YCE = 3
JBB-LDP = 2
QGB-WTR = 2
OKO-FWD = 2
ZEV-PXS = 3
ULV-JBB = 1
YCE-PBK = 3
TAG-OPO = 3
CIJ-JXH = 2
CIJ-MDY = 2
FWT-GEI = 2
LIK-QMQ = 2
SYD-YGD = 3
WIR-VWA = 3
XFP-RIR = 3
AIL-VTB = 3
QSN-MGB = 1
GBS-ESI = 2
NJF-ESI = 3
LHW-VKI = 3
WZW-WIR = 2
YCE-WLV = 3
KUU-LNO = 3
VHT-ULV = 3
NJF-VWP = 2
MQZ-YBA = 3
HUV-PNQ = 3
TAG-VWU = 2
PXS-WTR = 2
MQZ-UKW = 2
JNP-VTB = 1
JNP-UYO = 3
BNB-ZZF = 2
WLC-JXH = 2
RIR-LIK = 2
UYA-XFP = 2
LDP-PBK = 2
VKI-AIL = 2
ZZF-JIZ = 2
VKI-UHV = 2
UYA-ZZF = 2
QMQ-YCE = 2
LHW-JIZ = 3
ETM-YOV = 2
ULF-WFN = 1
UYO-GBS = 2
HHS-GBS = 2
GNG-UHV = 2
NQF-AUG = 2
JBB-BYQ = 1
PIV-CFA = 2
DAM-QGB = 2
IAB-LDP = 3
MGB-WTR = 3
YCE-AIL = 2
YGD-MDY = 2
TAG-NAS = 2
WLC-SGM = 2
QRK-GEI = 2
WZW-VWA = 3
OIL-WFN = 2
SHT-PHZ = 2
FWT-NTX = 3
AIL-SGM = 3
FWT-VKI = 2
BZL-WLV = 3
VWP-YGD = 1
WLC-ETM = 2
XFP-GYP = 2
KUU-PHZ = 3
VWA-LNH = 2
JNP-PNQ = 2
XFP-HHS = 2
WLC-LHW = 2
JNP-QSN = 2
LDH-PIV = 2
BYQ-CMA = 3
DAM-WMK = 2
UHV-PNQ = 2
SGM-ETM = 3
WTR-GNG = 3
VWU-JIZ = 3
AQI-SHT = 2
FWT-JBB = 2
JNP-VWU = 2
HUV-MGB = 2
BCF-TAG = 2
TAG-AUG = 2
JXH-BCF = 3
HUV-GNG = 3
LIK-ETM = 2
LDH-JXH = 2
WMK-PBK = 3
QRK-HUV = 3
JBB-SYD = 2
RIR-IAB = 3
QMQ-NJF = 2
WFN-WSX = 2
IAB-NPH = 2
NJF-QRK = 2
SHT-AUG = 2
ESI-VTB = 3
UHV-NQF = 2
ETM-SYD = 2
XFP-ETM = 2
GBS-AUG = 1
ESI-LNH = 2
YBA-ITE = 2
NQF-QRK = 3
WLC-GEI = 2
JNP-AUG = 2
WSX-IAB = 2
VWU-PHZ = 2
ZZF-ULF = 1
ESI-OPO = 2
ULV-NPH = 2
QSN-JIZ = 2
VWA-IAB = 2
JIZ-UBN = 1
BYQ-JNP = 2
PXS-CIJ = 2
PHZ-WFN = 2
VKI-WFN = 3
ITE-MQZ = 2
NTX-GAJ = 2
BNB-ETM = 2
YGD-ULF = 2
BEX-ETM = 2
VWU-GAJ = 2
WZW-LNO = 2
OIL-GNG = 2
LHW-VTB = 2
QSN-GAJ = 2
CFA-AQI = 3
SHT-CMA = 2
JXH-OKO = 2
YCE-OIL = 2
QTA-JIZ = 2
WIR-YCE = 2
VKI-IKD = 2
MGB-QRK = 3
BCF-OKO = 2
OKO-PNQ = 2
JNP-ZZF = 2
VWP-CMA = 2
PIV-GBS = 3
XFP-WSX = 2
CFA-OPO = 2
DAM-IAB = 2
AIL-CMA = 3
WFN-NQF = 2
SHT-ITE = 2
WSX-PHZ = 2
TAG-UYO = 2
FYH-LDP = 2
MDY-CMA = 3
LDP-ZZF = 3
WTR-NPH = 3
UBO-VTB = 3
BNB-HXA = 3
VWP-DAM = 3
IAB-LDH = 2
ESI-NTX = 2
AUG-BEX = 1
WTR-BNB = 3
FYH-WMK = 3
YCE-WMK = 2
QGB-FWD = 2
WLV-JNP = 2
GEI-UBN = 1
JXH-SYD = 3
NPH-WZW = 2
QSN-TAG = 1
LDP-DLK = 2
GAJ-BEX = 2
UBO-LTM = 2
WZW-RIR = 3
SYD-NAU = 2
WIR-VKI = 2
LNH-ULV = 3
WLC-PHZ = 3
WLV-FWD = 3
DNH-VWP = 2
HHS-NAU = 2
NAU-PIV = 2
IAB-NAS = 2
HHS-QSN = 2
DAM-JNP = 3
UKW-FWD = 2
JIZ-BJJ = 2
WLV-VWP = 3
BCF-NAS = 4
VKI-ITE = 2
ZZF-VWP = 1
ZEV-ULF = 2
LHW-ZEV = 3
GAJ-BYQ = 2
GEI-FWD = 1
GYP-WMK = 3
BYQ-QTA = 2
PHZ-BJJ = 3
CFA-NQF = 2
WIR-VWU = 2
HHS-YBA = 1
HHS-HUV = 2
GAJ-QMQ = 2
UBO-BZL = 3
MGB-UBN = 1
FWT-FWD = 1
YGD-UBO = 1
WSX-ULV = 1
WZW-JIZ = 2
FYH-CMA = 3
WMK-JBB = 2
ZZF-VLC = 2
BJJ-ZEV = 3
GNG-HUV = 3
WLC-XFP = 3
ULV-PBK = 3
TAG-QSN = 1
SYD-PXS = 3
VWU-OPO = 1
MDY-BYQ = 2
VWU-RIR = 2
XFP-LDP = 3
JXH-GBS = 2
VTB-IKD = 3
ESI-PBK = 2
UHV-LNH = 2
CMA-NAS = 1
ESI-GNG = 2
HHS-ETM = 2
PXS-KUU = 3
UHV-AUG = 3
CFA-DAM = 1
OKO-BEX = 3
UBN-JXH = 3
VKI-QRK = 3
ZZF-MDY = 3
NPH-SHT = 2
PXS-BNB = 3
BCF-NQF = 3
JNP-WLV = 2
AUG-FWT = 2
UKW-DAM = 3
AQI-IAB = 3
WZW-MGB = 3
PXS-PIV = 2
CIJ-WFN = 2
GBS-MGB = 2
BZL-PXS = 3
SGM-CFA = 2
QMQ-WIR = 2
DLK-UKW = 2
GAJ-OKO = 2
WLC-UYA = 2
VWA-WIR = 3
PNQ-IKD = 3
UYA-CMA = 3
WSX-MQZ = 2
YBA-DLK = 3
BEX-XFP = 2
SGM-WTR = 2
NQF-GBS = 2
WFN-ESI = 3
CFA-YGD = 2
BEX-SYD = 3
WIR-QTA = 2
QGB-YCE = 1
QMQ-PNQ = 2
AIL-WFN = 3
HXA-IKD = 2
MDY-PBK = 3
MGB-PXS = 2
UYO-QSN = 3
LHW-JNP = 3
OPO-WIR = 3
WMK-UHV = 2
DAM-ZZF = 2
UHV-VHT = 1
JXH-QSN = 2
JBB-IKD = 3
UBN-ITE = 2
AIL-NJF = 2
VKI-HXA = 3
ESI-HUV = 3
NQF-WZW = 1
IKD-OIL = 2
AUG-HUV = 2
CFA-FWT = 2
LNO-CFA = 3
GNG-FYH = 3
NPH-JIZ = 2
ESI-UYO = 3
OPO-YGD = 2
ITE-CIJ = 3
YGD-WLC = 1
OPO-FWD = 1
XFP-QMQ = 2
CMA-NJF = 2
UYA-HXA = 2
GEI-OPO = 2
QRK-CMA = 2
PIV-ITE = 3
GEI-LHW = 2
JNP-XFP = 3
LHW-GBS = 2
WFN-ITE = 3
VWU-BJJ = 2
WZW-BYQ = 3
HXA-DNH = 2
PHZ-AQI = 2
ZEV-QRK = 1
LDP-HHS = 2
MDY-YCE = 3
IKD-NPH = 2
WLV-UHV = 2
AUG-ZEV = 2
NPH-LDP = 2
QTA-HXA = 2
HUV-BNB = 2
LDH-BJJ = 3
SHT-IKD = 1
VLC-IKD = 2
WTR-JIZ = 3
NAS-DAM = 3
AUG-JXH = 3
HXA-CFA = 2
GYP-BYQ = 2
OPO-ZZF = 2
UYA-MQZ = 1
SGM-FWD = 3
NTX-QRK = 2
CIJ-VTB = 2
WMK-DAM = 2
UYO-OIL = 2
AUG-UHV = 3
QRK-UKW = 2
FYH-LIK = 2
PBK-KUU = 2
LHW-PHZ = 3
SYD-YBA = 2
QTA-LDH = 2
BZL-ZZF = 1
MDY-YOV = 2
ULV-WFN = 2
QTA-WFN = 2
WLV-FYH = 3
WZW-OKO = 2
ETM-QRK = 2
XFP-YGD = 2
SYD-RIR = 3
HXA-BJJ = 2
LTM-GAJ = 2
NJF-NPH = 2
BCF-ULF = 2
WSX-DAM = 2
MGB-VWA = 3
FYH-BJJ = 1
NTX-XFP = 3
DAM-UYO = 2
VWA-ULV = 2
UYA-IAB = 1
HXA-NPH = 1
WLV-PNQ = 2
ETM-WFN = 3
BEX-MGB = 2
SGM-RIR = 1
VWU-VKI = 3
FWT-KUU = 3
ZEV-LDH = 1
YOV-XFP = 2
MGB-AUG = 2
QRK-PNQ = 3
QMQ-VKI = 2
RIR-QMQ = 3
GBS-LHW = 2
WZW-AQI = 2
GYP-JBB = 2
VKI-LDP = 3
HHS-NAS = 3
GYP-AQI = 2
UYO-LNO = 3
FYH-NAU = 3
VHT-PNQ = 2
HXA-NAU = 2
GNG-JXH = 2
CIJ-NAS = 2
FWT-VWA = 3
AUG-QMQ = 2
SHT-WLC = 3
BZL-OIL = 2
OKO-ZZF = 2
NQF-ULF = 1
JXH-LIK = 2
HXA-VWA = 3
GBS-WZW = 1
YBA-WIR = 2
VWU-ITE = 2
QRK-ULV = 3
VWP-NJF = 2
YBA-LDP = 3
UYO-WTR = 3
LNH-DNH = 2
BCF-QRK = 3
NTX-PHZ = 2
NTX-VHT = 2
WIR-QSN = 2
UYO-JIZ = 2
VHT-UHV = 1
UBO-CIJ = 3
VWU-GBS = 2
CMA-QMQ = 2
AUG-GNG = 3
NAS-SGM = 3
SYD-DNH = 2
GYP-GAJ = 2
BZL-NJF = 3
TAG-UBO = 2
GAJ-ULV = 3
AIL-VWA = 3
AQI-GBS = 2
XFP-YCE = 2
PXS-NTX = 3
SYD-DAM = 3
PIV-NAU = 2
CMA-FWD = 3
HHS-UKW = 2
YOV-RIR = 1
ZEV-FWD = 2
PBK-HUV = 2
CMA-PXS = 3
LHW-DAM = 2
LDH-CFA = 3
ZEV-WMK = 2
BCF-GBS = 3
UKW-WLV = 2
JNP-SYD = 2
QSN-WIR = 2
FYH-DNH = 1
MQZ-MDY = 2
VHT-DLK = 2
FYH-VWP = 2
PBK-OKO = 2
ZEV-PBK = 2
ETM-BNB = 2
NJF-YOV = 2
JNP-BEX = 2
ITE-WLV = 2
OIL-VWP = 2
JXH-BEX = 3
NAU-AUG = 2
CMA-WFN = 3
VTB-WLC = 2
LIK-QRK = 2
PNQ-ULF = 3
RIR-YBA = 3
WZW-UHV = 1
FWT-LDH = 1
SYD-DLK = 2
ULF-BZL = 2
RIR-LDH = 2
DAM-VWA = 2
LNO-BJJ = 1
AQI-QTA = 2
PXS-UYO = 3
QGB-UKW = 2
LTM-VWP = 2
WFN-PBK = 2
BZL-LTM = 3
QGB-SHT = 2
VKI-DNH = 2
VWA-CIJ = 3
TAG-BNB = 2
MGB-PHZ = 3
GEI-UHV = 2
YGD-PNQ = 2
ULF-LIK = 2
LHW-PNQ = 1
QRK-OPO = 3
FWT-PHZ = 2
OPO-VWU = 1
UYA-WTR = 3
QMQ-GNG = 3
WTR-VTB = 2
WMK-WIR = 1
RIR-DNH = 3
DAM-BJJ = 3
QRK-LIK = 2
PNQ-UBN = 3
LIK-BCF = 2
PBK-FYH = 2
LNO-AIL = 3
JXH-YOV = 2
FWT-NAU = 2
RIR-FYH = 2
GYP-LNH = 2
DNH-XFP = 2
BJJ-LNH = 3
YGD-SHT = 2
QMQ-FWD = 2
NAS-OIL = 3
QRK-CIJ = 3
VHT-YCE = 2
AUG-ITE = 2
HHS-PHZ = 2
UHV-QSN = 3
IAB-QTA = 1
SGM-MQZ = 3
QTA-BNB = 2
GAJ-LIK = 1
VWA-LDH = 3
SGM-PNQ = 3
LNO-UKW = 2
PHZ-QRK = 2
YOV-QSN = 2
OPO-BCF = 2
LIK-VWU = 2
JIZ-UYA = 2
PIV-MGB = 3
ETM-QSN = 2
ULF-VKI = 2
TAG-PNQ = 3
BCF-JXH = 3
WFN-TAG = 2
JNP-DLK = 2
GYP-ITE = 1
AQI-NTX = 2
WMK-ZZF = 3
YOV-MDY = 2
ZZF-DAM = 2
WTR-GAJ = 4
NAS-WIR = 3
MQZ-ITE = 2
BCF-VHT = 2
WMK-LDP = 3
HUV-LIK = 3
LDH-SYD = 2
QGB-WIR = 2
JIZ-SYD = 2
CMA-QSN = 2
AQI-TAG = 3
RIR-NQF = 2
BNB-SYD = 1
CFA-ETM = 1
PNQ-WZW = 3
VLC-JXH = 1
ITE-ULV = 2
JBB-QTA = 2
UYO-WLC = 2
HUV-WSX = 1
ZEV-BEX = 2
UBN-NAU = 3
ETM-WTR = 3
KUU-WLC = 3
QGB-NAS = 3
WZW-NAS = 3
ZEV-ZZF = 2
LNO-ITE = 2
JXH-GNG = 2
XFP-GEI = 2
PNQ-ESI = 1
OIL-IKD = 2
AUG-AIL = 3
MDY-DNH = 2
RIR-QRK = 3
TAG-NQF = 2
NQF-ETM = 3
AQI-NAS = 3
FWD-MGB = 2
KUU-BYQ = 2
YGD-UKW = 2
WTR-HXA = 2
MQZ-UYA = 1
LDH-GNG = 2
VLC-UBN = 3
YGD-NPH = 2
ESI-DAM = 3
BZL-PHZ = 3
CFA-PIV = 2
HUV-VWP = 3
XFP-DLK = 2
VLC-ZZF = 2
QMQ-HXA = 3
FWD-NPH = 2
LNO-DLK = 3
QSN-JNP = 2
ULV-NJF = 2
SGM-SYD = 2
RIR-LTM = 1
JIZ-BCF = 3
AQI-BCF = 3
BJJ-CMA = 3
WLC-ULF = 2
LNO-UBN = 4
JNP-WZW = 2
SGM-FYH = 2
MGB-VHT = 3
WZW-WLV = 2
WTR-HUV = 2
LIK-BJJ = 3
JIZ-OKO = 1
LTM-WZW = 2
YOV-UHV = 2
CMA-XFP = 2
UBO-HXA = 2
SHT-PXS = 3
KUU-WMK = 3
BNB-VTB = 2
UBN-VTB = 3
LHW-WTR = 3
RIR-PXS = 3
ITE-OIL = 2
UBO-BEX = 2
QMQ-AUG = 2
MQZ-WTR = 2
GEI-NPH = 2
VHT-CIJ = 3
QRK-QMQ = 2
CIJ-LNO = 3
PBK-DNH = 3
PXS-BJJ = 3
XFP-QSN = 2
GBS-IAB = 2
MDY-FWD = 2
JBB-JIZ = 2
WTR-DAM = 3
PXS-VHT = 2
WSX-MDY = 3
VWP-VWA = 3
MDY-UBO = 3
UHV-PBK = 2
WSX-NJF = 2
NJF-SGM = 3
NQF-VWA = 3
BNB-RIR = 2
NPH-UYA = 1
LHW-NAS = 2
NPH-ESI = 3
FWD-BZL = 3
WTR-IKD = 3
GNG-NQF = 3
SHT-FYH = 2
QSN-WLC = 1
NJF-TAG = 2
VWA-PIV = 2
AIL-FYH = 2
YCE-AQI = 3
GNG-UYA = 3
AUG-SGM = 3
PIV-HXA = 2
YBA-YCE = 3
QRK-SHT = 2
GAJ-MDY = 3
VLC-MQZ = 2
QGB-PIV = 2
NQF-LNH = 2
YBA-FWT = 3
QGB-NPH = 2
GEI-ETM = 2
NAS-UKW = 3
OKO-UBO = 2
NAS-CIJ = 2
YOV-HXA = 2
DLK-PNQ = 2
ZEV-FWT = 2
ZZF-MQZ = 2
YGD-JXH = 3
WLV-SGM = 2
WTR-UBN = 3
MQZ-JBB = 2
JNP-UYA = 2
UBO-QSN = 2
GBS-DAM = 3
IAB-QSN = 2
CMA-JXH = 3
GNG-MQZ = 2
DAM-LDP = 3
MGB-OIL = 2
BYQ-OKO = 2
BYQ-VTB = 2
OIL-ZEV = 1
WIR-DNH = 3
VWA-GBS = 2
MQZ-VKI = 3
VLC-YBA = 3
QSN-LTM = 2
BYQ-ZZF = 2
KUU-NAS = 3
ZZF-LIK = 2
VWU-PXS = 3
LHW-BYQ = 3
PBK-ZZF = 3
AQI-GYP = 2
VWA-UBO = 3
LNH-OIL = 2
ZEV-MQZ = 2
MDY-BNB = 1
VWU-ZEV = 2
YOV-QTA = 2
MGB-XFP = 1
JIZ-VHT = 1
GBS-QMQ = 1
VKI-VWA = 2
LIK-LDH = 2
VHT-VWP = 2
PNQ-TAG = 3
BYQ-AUG = 2
NAS-MQZ = 3
ETM-ZZF = 2
GYP-NAS = 1
PIV-LTM = 2
SYD-NJF = 3
AQI-YOV = 2
ULF-YBA = 3
JXH-LTM = 2
BYQ-VWP = 2
NQF-VLC = 2
GAJ-CFA = 1
DNH-BZL = 3
SYD-PIV = 2
VTB-AUG = 1
IKD-GEI = 3
SYD-VWA = 3
YCE-VKI = 3
ITE-UBO = 3
BCF-CMA = 3
NQF-LIK = 1
QRK-LHW = 3
CIJ-DAM = 2
VLC-ULV = 3
WIR-VTB = 2
PNQ-VWP = 2
MDY-CIJ = 2
YGD-BYQ = 2
ZEV-WZW = 2
WTR-ZEV = 2
BNB-WTR = 3
CFA-QMQ = 2
WZW-VKI = 3
QSN-PIV = 2
VHT-DNH = 3
VWP-CIJ = 2
GNG-QSN = 2
MGB-ZEV = 2
ITE-SYD = 3
WSX-WFN = 2
JIZ-JBB = 2
VKI-WLC = 2
KUU-JBB = 3
OPO-VKI = 2
WLV-ULF = 2
UHV-NAS = 2
DNH-IKD = 2
BCF-JNP = 2
GBS-PBK = 3
BCF-UBN = 3
AUG-WMK = 2
QTA-LNO = 3
GNG-SHT = 3
UKW-LNH = 3
UYO-SGM = 3
WZW-AIL = 1
LDH-WMK = 3
DAM-WZW = 2
FWD-SYD = 3
HUV-QGB = 2
QGB-LIK = 1
WZW-DNH = 3
RIR-ZEV = 2
KUU-YCE = 3
QTA-SYD = 2
SHT-QTA = 2
MQZ-NAS = 3
YOV-PHZ = 2
DLK-HUV = 3
LIK-FWT = 2
WSX-OIL = 2
WTR-TAG = 3
QMQ-QSN = 1
UBO-UBN = 3
VWA-TAG = 2
OKO-LNO = 2
UYA-WFN = 2
UKW-LNO = 2
UBO-WZW = 2
JBB-VTB = 1
AIL-ZEV = 2
LDP-MQZ = 2
WZW-QTA = 2
OIL-GBS = 2
AIL-ESI = 2
JBB-BCF = 3
RIR-ULF = 2
HUV-WTR = 2
TAG-GYP = 2
NAS-TAG = 2
HHS-QTA = 2
BEX-VWU = 1
KUU-ETM = 2
OIL-VTB = 2
KUU-QMQ = 3
ETM-QMQ = 1
WSX-QSN = 2
ZEV-XFP = 3
LHW-QMQ = 3
QMQ-ZEV = 2
HUV-PIV = 1
WFN-YBA = 2
PNQ-QMQ = 2
LDP-WMK = 3
DAM-WTR = 3
OKO-QMQ = 2
PIV-TAG = 2
FWT-UYO = 3
DAM-DNH = 2
ZEV-LNO = 3
WMK-GAJ = 3
JNP-NTX = 2
VWP-BZL = 2
MDY-ETM = 3
DAM-YOV = 2
ITE-UYA = 2
LNH-GEI = 2
YGD-HHS = 2
WIR-TAG = 2
BCF-WIR = 3
YCE-OPO = 2
DLK-OKO = 1
UHV-UYO = 2
SGM-UBN = 3
MDY-IKD = 3
ULF-YCE = 3
FWD-MQZ = 2
WFN-QMQ = 2
PXS-WLV = 3
ETM-DLK = 2
AUG-UYA = 1
NPH-VWU = 3
AQI-DLK = 1
RIR-WMK = 1
LIK-JXH = 2
FWT-CMA = 2
ZZF-BJJ = 3
WMK-GEI = 2
GEI-BEX = 2
ULF-PXS = 3
LNH-ULF = 3
QRK-WFN = 1
WLV-GAJ = 2
UKW-MGB = 3
MQZ-PBK = 2
PNQ-WIR = 2
JNP-CIJ = 1
YBA-CIJ = 3
QGB-JNP = 2
YCE-ZEV = 2
SHT-VWU = 3
HHS-WLV = 1
UBO-WTR = 2
OPO-PBK = 2
WIR-IAB = 1
LHW-UYA = 2
LDP-FWD = 2
ESI-NQF = 1
IAB-PHZ = 2
OPO-WTR = 3
NAU-NJF = 2
WMK-UKW = 2
IKD-YOV = 2
WLV-WIR = 1
QTA-OKO = 3
UHV-WIR = 2
YBA-LTM = 3
NJF-LNH = 3
QTA-OIL = 1
QRK-MDY = 3
NJF-HXA = 1
RIR-QSN = 3
ZEV-PNQ = 3
UYA-LHW = 2
ITE-BEX = 2
ESI-QMQ = 1
NAS-VKI = 3
VWU-QRK = 2
NJF-WLC = 3
NQF-KUU = 3
KUU-BNB = 2
VLC-WIR = 2
DNH-ETM = 3
FWT-UKW = 3
QMQ-FYH = 2
WLV-NTX = 3
DLK-LHW = 3
PNQ-VLC = 3
NJF-HHS = 3
WZW-GEI = 3
NPH-FWT = 2
HXA-QRK = 1
SHT-ULV = 2
IAB-JXH = 3
ZZF-YBA = 2
CFA-UYO = 3
PBK-MQZ = 2
XFP-BCF = 2
WSX-ITE = 3
BNB-UBN = 3
MQZ-FYH = 1
IAB-GNG = 3
QGB-QTA = 2
GNG-SYD = 2
AUG-MQZ = 2
GYP-UYA = 2
WZW-TAG = 3
OPO-LNH = 2
GBS-MQZ = 3
WLV-AUG = 3
QMQ-NAS = 2
CIJ-BZL = 3
ESI-FWD = 2
AUG-IAB = 2
VHT-UBO = 2
OPO-JBB = 3
QGB-BNB = 2
LIK-WMK = 3
BZL-JBB = 2
UYA-DLK = 2
GNG-OIL = 2
ULV-VWU = 3
QSN-VKI = 2
WZW-JBB = 2
LDH-VWP = 2
BYQ-DNH = 2
FWT-QGB = 2
IAB-GAJ = 2
XFP-IAB = 2
PBK-SYD = 3
VWA-BJJ = 2
WSX-VWA = 3
VTB-PXS = 3
SYD-KUU = 3
DAM-PHZ = 3
YBA-VWA = 3
QMQ-CMA = 2
WZW-NQF = 1
WFN-NAU = 2
VWP-AQI = 3
QMQ-GAJ = 2
ETM-OIL = 2
GYP-ULV = 1
BEX-MQZ = 2
WLV-NPH = 2
MDY-WLV = 3
ZZF-JNP = 2
UYA-UBN = 3
FYH-DLK = 2
CIJ-SHT = 1
QMQ-WZW = 2
DNH-HHS = 2
HHS-CMA = 3
LDH-PHZ = 3
VWU-IAB = 3
QTA-NAU = 2
MDY-SGM = 2
YBA-JXH = 3
UHV-LDH = 2
UBO-VLC = 2
JBB-UKW = 3
NJF-DAM = 2
QMQ-WSX = 3
MGB-HUV = 2
ULV-CMA = 2
GAJ-AQI = 2
FWD-UYO = 2
AUG-WSX = 2
YOV-LTM = 2
MGB-WLC = 2
FWT-GAJ = 2
QRK-NJF = 2
ULV-UKW = 3
UBO-PHZ = 1
VWU-HXA = 3
WZW-UBN = 3
HUV-PHZ = 3
YCE-PIV = 2
UKW-WTR = 2
FYH-UYA = 2
OKO-LTM = 2
LIK-YOV = 2
AUG-OIL = 2
BYQ-YGD = 2
MDY-OKO = 3
VTB-TAG = 2
LDP-AQI = 2
QSN-QGB = 2
VKI-WLV = 1
MQZ-ETM = 2
JNP-WIR = 3
DAM-YBA = 3
NTX-WSX = 2
ITE-VHT = 1
WMK-JNP = 3
MQZ-QRK = 3
YOV-GNG = 2
BCF-UKW = 3
BNB-FWT = 2
YCE-LTM = 2
YBA-UBO = 3
ETM-NAU = 3
ETM-UYA = 3
QSN-LIK = 2
ITE-FWT = 2
JXH-PHZ = 1
UYA-QGB = 2
SYD-ULV = 2
JBB-BNB = 2
WFN-OIL = 2
VWA-JIZ = 2
KUU-GEI = 2
CIJ-OIL = 2
QTA-VWU = 2
BJJ-GAJ = 2
VHT-BEX = 2
PNQ-MGB = 3
LTM-UYA = 2
ULV-YOV = 3
LHW-QRK = 3
JIZ-NJF = 3
YCE-ZZF = 2
GEI-BYQ = 1
WTR-ITE = 3
WIR-VHT = 2
QRK-UBN = 3
WLV-WTR = 2
WMK-FWT = 3
ITE-WLC = 2
YOV-CMA = 2
VWU-VTB = 2
NPH-PXS = 3
AIL-PBK = 1
BNB-ZEV = 2
GAJ-MGB = 2
QMQ-BYQ = 2
WTR-PIV = 2
ETM-PNQ = 3
VTB-BCF = 2
UKW-PXS = 3
WLC-OKO = 3
DLK-ESI = 2
WFN-MDY = 2
DAM-XFP = 3
JXH-MQZ = 3
QTA-VHT = 2
RIR-SGM = 1
MQZ-BCF = 2
NAS-LIK = 2
JIZ-YGD = 2
DNH-LDP = 1
IKD-NTX = 1
UBO-ULV = 2
FWD-GEI = 1
WFN-PIV = 2
QRK-BYQ = 3
ZZF-NTX = 2
SYD-BJJ = 3
LNO-WFN = 3
MGB-PNQ = 3
MGB-LHW = 2
HXA-WLC = 2
ITE-AIL = 2
GNG-WZW = 3
GNG-WFN = 2
MQZ-ULV = 2
VHT-HXA = 2
ESI-UBO = 1
ULF-NQF = 1
DAM-IKD = 2
ZZF-AQI = 2
IKD-CFA = 2
JXH-CFA = 2
VHT-GYP = 2
QGB-LTM = 1
SGM-CMA = 3
MQZ-WZW = 2
ZZF-WLC = 2
VKI-QTA = 1
UKW-NPH = 2
BNB-DNH = 1
QGB-BJJ = 2
BEX-AIL = 2
PXS-JXH = 3
WLV-PXS = 3
HXA-UKW = 2
WLC-BZL = 1
PIV-LIK = 2
VTB-LHW = 2
MQZ-QSN = 2
YBA-CFA = 3
LDH-GAJ = 3
CIJ-ULV = 3
WFN-FYH = 3
ZZF-UBN = 3
QGB-GBS = 2
ITE-DLK = 2
NAS-HHS = 3
WLC-ZZF = 2
FYH-VKI = 3
UYA-GAJ = 3
JIZ-BNB = 2
PNQ-JXH = 2
FYH-ETM = 2
AQI-DAM = 2
OKO-BNB = 2
GBS-UYA = 2
BJJ-QGB = 2
DNH-BYQ = 2
UBO-OKO = 2
WIR-JIZ = 1
OKO-VTB = 2
NJF-QTA = 3
WTR-JXH = 3
ESI-CFA = 3
BZL-ETM = 3
AUG-GBS = 1
WMK-WSX = 2
PHZ-SHT = 2
JXH-GYP = 3
IAB-WMK = 2
BJJ-KUU = 3
UBN-YGD = 2
AUG-OPO = 2
FWD-QTA = 3
WZW-DLK = 3
WSX-VLC = 2
ESI-PIV = 2
NJF-JBB = 1
CFA-VWP = 2
WSX-LIK = 3
CMA-YCE = 2
FYH-YOV = 3
LDH-PNQ = 3
GEI-TAG = 1
RIR-CMA = 2
NQF-QMQ = 2
LIK-YCE = 1
BYQ-HXA = 3
VLC-FWT = 3
WLV-QTA = 2
VLC-HUV = 2
NQF-YBA = 2
WLC-ZEV = 2
ZZF-SHT = 1
PBK-LDH = 2
GAJ-SHT = 3
FWT-CIJ = 2
QSN-BNB = 2
VLC-LTM = 2
QTA-PXS = 2
GEI-HXA = 3
BEX-QGB = 1
WIR-CMA = 3
VHT-PIV = 2
YCE-FYH = 3
JBB-ETM = 2
UKW-UBO = 2
XFP-ULV = 2
UBO-WSX = 3
NAS-FWD = 3
KUU-UYA = 3
DAM-VKI = 3
JNP-LNH = 3
ZEV-GNG = 3
WSX-YOV = 2
PBK-JNP = 3
BJJ-HXA = 2
IKD-RIR = 3
AIL-NTX = 3
CIJ-LDP = 2
UYO-GNG = 3
WIR-LDH = 2
SHT-LIK = 2
LDH-ULF = 2
OKO-CMA = 2
UHV-ZEV = 2
MQZ-LIK = 2
ULF-UYA = 2
JNP-ITE = 2
ULF-SYD = 3
QGB-IAB = 2
VWU-AUG = 2
FWD-XFP = 3
PNQ-NJF = 3
AIL-IKD = 3
ZEV-ITE = 2
GNG-VTB = 3
SYD-CIJ = 3
ULV-XFP = 2
AQI-FYH = 2
GBS-PNQ = 3
FWD-LTM = 1
PHZ-JNP = 2
UBN-JBB = 2
WSX-TAG = 1
MQZ-VTB = 2
VWP-WIR = 2
YOV-FYH = 3
PNQ-NPH = 3
BJJ-ULV = 2
ULV-OPO = 3
ZZF-HXA = 2
PHZ-YOV = 2
OKO-SHT = 2
MDY-FWT = 3
WZW-GYP = 2
NTX-JIZ = 2
BJJ-MGB = 3
VWU-LNH = 2
QRK-OKO = 2
LDP-DNH = 1
UYA-GBS = 2
LDP-ULF = 2
OKO-GYP = 1
LNO-WLV = 3
MDY-YGD = 2
LIK-FWD = 2
JBB-YBA = 2
BZL-UBO = 3
WSX-SYD = 2
RIR-BEX = 2
LNO-XFP = 3
BZL-GNG = 4
GEI-CFA = 2
ETM-IAB = 2
AIL-GNG = 3
DAM-YCE = 3
YOV-ITE = 2
GBS-LDP = 3
YGD-BZL = 2
WLC-QTA = 1
LTM-BJJ = 2
YCE-NTX = 3
ULV-MQZ = 2
FYH-ITE = 2
FYH-GYP = 1
VWA-KUU = 3
HUV-VWA = 3
TAG-VLC = 1
BYQ-JBB = 1
CFA-JNP = 2
IKD-VHT = 3
GYP-FYH = 1
SYD-SGM = 2
VWP-GAJ = 2
LHW-BJJ = 3
IKD-WSX = 2
ETM-VTB = 3
VHT-CMA = 2
CIJ-ZZF = 2
LNH-PXS = 3
JBB-QMQ = 2
NTX-CMA = 2
ITE-GAJ = 1
LDH-ITE = 3
ETM-LTM = 2
YBA-TAG = 2
PIV-AUG = 2
NTX-BJJ = 3
GEI-CMA = 2
WLV-LIK = 2
YCE-LHW = 3
PXS-CFA = 2
OKO-UYA = 2
AUG-HXA = 2
VKI-AUG = 2
GYP-QSN = 2
QTA-JNP = 2
VWA-QGB = 2
WIR-IKD = 3
NAU-UYA = 3
CIJ-YOV = 2
JBB-VWP = 1
VLC-LDP = 3
PNQ-QGB = 2
PXS-WMK = 3
RIR-MGB = 3
GYP-VWU = 3
AQI-MGB = 2
YCE-VHT = 2
ETM-JNP = 2
WFN-CIJ = 2
SHT-VKI = 2
DAM-HHS = 3
BNB-PIV = 2
HXA-ZEV = 1
LTM-GEI = 2
VKI-PIV = 1
YGD-BJJ = 2
GNG-SGM = 2
GBS-GEI = 3
VWU-LDP = 1
YCE-AUG = 2
VLC-BJJ = 2
FYH-ULV = 2
PBK-YBA = 3
WMK-UYA = 1
OIL-UHV = 2
QMQ-HHS = 1
QRK-PHZ = 2
BJJ-UBO = 3
FYH-ZZF = 3
JXH-IKD = 2
UBO-GBS = 1
NAU-LTM = 2
NAU-YGD = 2
HUV-DLK = 3
WTR-QMQ = 2
XFP-ULF = 3
IAB-NQF = 2
CMA-AUG = 2
UYA-CFA = 2
DLK-WTR = 3
FYH-JXH = 3
WLC-QSN = 1
PNQ-BCF = 3
QTA-VWA = 1
CFA-VLC = 2
LNH-DAM = 2
XFP-SYD = 2
BCF-NJF = 2
GBS-ZZF = 2
UBO-ESI = 1
QGB-LDP = 2
AUG-PNQ = 3
ITE-JXH = 3
LTM-LIK = 2
NQF-VHT = 2
WZW-SGM = 3
YOV-VHT = 2
LDP-ZEV = 2
WLC-HXA = 2
QGB-YOV = 2
GEI-FWT = 2
JXH-NAS = 2
WLV-WSX = 2
GYP-CIJ = 2
LTM-WMK = 2
TAG-PHZ = 2
WMK-ESI = 3
ZEV-UHV = 2
JIZ-NTX = 2
LDH-JNP = 2
JNP-NPH = 1
ULV-WIR = 1
YGD-IKD = 2
LNH-VTB = 3
LNH-ZZF = 2
HHS-YCE = 2
WLV-PIV = 2
YGD-GYP = 1
VHT-BZL = 3
QGB-GEI = 2
ITE-LIK = 2
PBK-MGB = 2
NAS-HUV = 2
ITE-LDP = 3
LDP-ULV = 3
QTA-WSX = 2
JNP-RIR = 3
DNH-UHV = 2
BNB-GNG = 3
BEX-LIK = 2
AUG-ZZF = 2
BCF-PBK = 3
ZEV-LNH = 1
HHS-VKI = 2
LTM-JIZ = 1
UKW-VKI = 2
WZW-HHS = 2
AQI-VWU = 2
NAU-VWP = 2
MQZ-CMA = 2
WFN-JXH = 2
LDH-OIL = 2
GEI-RIR = 3
VLC-IAB = 2
UBN-FWD = 2
BZL-FWT = 2
NQF-WTR = 2
MDY-QMQ = 2
BZL-NTX = 3
NAS-QTA = 3
CMA-HUV = 1
TAG-QGB = 2
JBB-AQI = 2
LDP-VKI = 3
ESI-LDH = 2
LDH-UKW = 2
PXS-LHW = 2
OIL-AUG = 2
VTB-HHS = 2
OKO-PXS = 2
FWT-GBS = 2
MQZ-UBO = 2
IKD-AIL = 3
IAB-CMA = 2
WIR-UKW = 2
CIJ-NQF = 2
PIV-MDY = 3
NAS-WLC = 2
LNO-GNG = 3
ZEV-NQF = 2
ESI-PNQ = 1
UKW-MDY = 3
UBN-UYA = 3
ULV-YCE = 3
BJJ-VWU = 2
HUV-FWD = 2
YOV-ULF = 2
WZW-YGD = 2
AIL-UYO = 1
WZW-LDP = 3
GAJ-CMA = 2
GAJ-HHS = 3
WLV-UKW = 2
SYD-IAB = 2
NAS-WMK = 3
MGB-AQI = 2
FWT-GYP = 2
UYA-PXS = 2
IAB-VHT = 2
NAU-IKD = 3
NPH-DNH = 2
BCF-LNH = 3
JIZ-ETM = 2
PXS-VWU = 3
FYH-LDH = 2
YGD-WZW = 2
GNG-VWP = 3
WLV-TAG = 1
FWT-FYH = 3
UBN-ZZF = 3
LNO-KUU = 3
VWU-MQZ = 2
LHW-AIL = 2
LIK-XFP = 2
UYA-HUV = 2
GYP-NTX = 2
UBN-UKW = 2
SHT-TAG = 2
WFN-VWA = 1
LDH-WLV = 2
SHT-VLC = 3
ULF-LDH = 2
VWA-GAJ = 3
GEI-LIK = 1
HHS-BNB = 2
ESI-DNH = 3
AUG-UBN = 2
GEI-YOV = 2
LIK-GAJ = 1
IAB-KUU = 2
TAG-LDP = 2
FWT-WFN = 2
BEX-NAS = 3
WLC-UHV = 2
PIV-AQI = 2
LNO-YBA = 1
BEX-UKW = 3
AUG-LDH = 2
FYH-NQF = 2
ETM-FYH = 2
TAG-NAU = 3
WSX-NTX = 2
PNQ-IAB = 2
KUU-JNP = 2
LDH-ETM = 2
LDH-IAB = 2
ULV-PIV = 2
UYA-PHZ = 1
QSN-XFP = 2
QSN-BEX = 1
QGB-GYP = 2
VKI-GBS = 2
WMK-LNH = 2
ESI-MDY = 3
NPH-ULV = 2
QTA-AUG = 1
BNB-YBA = 1
AUG-VHT = 2
CMA-GAJ = 2
WLV-LDH = 2
PXS-XFP = 1
AQI-ULV = 3
PHZ-UYO = 3
BCF-BZL = 2
AUG-DNH = 2
BCF-OIL = 2
HUV-SGM = 2
ESI-JXH = 1
QGB-BCF = 1
LNH-WZW = 2
VLC-JBB = 2
PXS-FWD = 3
QMQ-ULV = 2
FWD-NQF = 2
UKW-LHW = 3
ZEV-LTM = 1
LTM-HHS = 2
IKD-GAJ = 2
UYA-LTM = 2
HXA-HHS = 2
PNQ-ULV = 3
LNH-HUV = 2
BZL-MDY = 3
JBB-GAJ = 2
RIR-WFN = 2
LDP-IAB = 3
LDP-SGM = 3
UBO-NAS = 2
BJJ-BYQ = 2
MDY-JNP = 3
TAG-ITE = 2
UBO-VKI = 2
ZEV-YCE = 2
MDY-QGB = 3
ZEV-JBB = 2
ESI-UKW = 2
NJF-MGB = 2
JBB-GBS = 2
JBB-IAB = 2
WLV-FWT = 2
UBN-PBK = 3
HHS-DAM = 3
WSX-WLV = 2
HUV-UKW = 2
VWP-AIL = 2
UBN-CMA = 2
SYD-UHV = 2
NAU-IAB = 3
ETM-NQF = 3
GEI-GAJ = 2
SGM-NQF = 3
FWD-NAS = 3
QTA-BCF = 2
JIZ-HXA = 3
DNH-QGB = 2
ETM-UYO = 3
SYD-ETM = 2
RIR-WIR = 2
JIZ-MDY = 3
NAS-BJJ = 3
OIL-LTM = 2
WMK-PXS = 3
QSN-ESI = 2
NPH-YGD = 2
IKD-HHS = 3
CFA-HHS = 3
IAB-HXA = 1
OKO-JBB = 3
WLV-LHW = 3
OIL-AIL = 2
GAJ-DAM = 2
GNG-CFA = 2
RIR-QGB = 2
JBB-NAS = 3
SYD-HHS = 1
DNH-AQI = 1
VWP-NQF = 2
NAU-ZEV = 3
DLK-GNG = 2
NTX-PXS = 3
PXS-PNQ = 3
BCF-DAM = 3
WFN-HXA = 2
BEX-WMK = 3
WTR-ULF = 2
BYQ-NJF = 2
PHZ-GNG = 3
LTM-BNB = 2
QMQ-LDP = 3
AUG-SHT = 2
BEX-HHS = 2
TAG-GNG = 2
SHT-QGB = 2
UBN-GAJ = 1
MGB-JBB = 1
YGD-BEX = 2
OPO-GEI = 2
WLC-YCE = 3
UYA-QSN = 3
GNG-DLK = 2
WLC-OPO = 1
JIZ-GBS = 2
AUG-LIK = 3
NPH-OKO = 2
JNP-WFN = 2
WMK-SHT = 3
ETM-TAG = 2
GYP-ZZF = 2
SYD-BEX = 3
UYA-AQI = 2
NAS-WZW = 3
HXA-SGM = 2
PIV-PNQ = 2
UKW-OIL = 2
LTM-UHV = 2
MQZ-JXH = 3
AIL-CFA = 2
NAS-BNB = 3
UYA-OIL = 2
BYQ-LIK = 1
LNO-VWU = 2
UYA-FYH = 2
WLV-LNO = 3
YBA-PBK = 3
GAJ-HXA = 2
UYO-ITE = 3
GAJ-PIV = 2
ULF-ZEV = 2
MDY-ZEV = 3
CMA-DLK = 2
RIR-ZZF = 2
TAG-OKO = 1
AIL-VWP = 2
ULV-IAB = 2
YGD-OKO = 2
SGM-BEX = 2
VHT-FWT = 3
GEI-ITE = 2
DAM-SGM = 2
IAB-WIR = 1
NPH-BEX = 2
ZEV-JXH = 3
QSN-ZEV = 3
LNH-VWA = 2
FWT-VTB = 2
QSN-ITE = 1
QMQ-BNB = 1
PXS-FYH = 2
PHZ-PIV = 2
WZW-VWP = 1
MGB-JNP = 2
WLV-UYO = 2
PBK-BNB = 2
QTA-KUU = 2
OPO-PHZ = 2
PNQ-BNB = 3
UYO-PXS = 3
HHS-VWU = 1
OIL-GEI = 1
SGM-BJJ = 3
NAU-AQI = 2
SYD-UYA = 2
NPH-NQF = 2
QGB-VKI = 2
SYD-BNB = 1
NAU-ITE = 3
BZL-YGD = 2
MGB-LDP = 2
LNO-VHT = 2
UHV-GAJ = 2
SHT-YCE = 2
DLK-ULV = 3
NAS-UHV = 2
LNO-BYQ = 3
YCE-HUV = 2
VWA-BYQ = 3
UYA-YOV = 2
WSX-WZW = 2
ITE-WSX = 3
ZZF-GAJ = 2
ZZF-CMA = 1
PNQ-FWD = 1
BJJ-AIL = 2
WTR-CMA = 2
ETM-HHS = 2
ZEV-AIL = 2
LHW-QTA = 3
DAM-LTM = 2
ESI-ITE = 2
AIL-ULV = 2
DNH-MQZ = 1
GAJ-LNH = 2
FYH-VLC = 3
PBK-UBO = 2
FWD-UKW = 2
VLC-MGB = 3
NAU-HUV = 3
HHS-UBO = 2
KUU-WSX = 2
NPH-YBA = 3
ZEV-VKI = 2
JBB-VWU = 2
OPO-WSX = 2
YCE-GNG = 3
WLV-ZZF = 2
WLC-PNQ = 3
UBO-LHW = 3
BCF-YBA = 3
DLK-GAJ = 1
TAG-AQI = 3
VLC-NAU = 2
UKW-AIL = 2
LDP-QMQ = 3
WZW-SYD = 2
ZEV-QGB = 2
WLC-CIJ = 3
JXH-ETM = 2
ITE-NAU = 3
GBS-NJF = 3
CFA-UBN = 2
VWA-VKI = 2
NAU-YCE = 2
DLK-WLC = 2
IKD-VWA = 3
UBN-NQF = 2
AIL-DAM = 1
PNQ-NAU = 3
WLC-BEX = 2
QSN-ULV = 2
DLK-LDP = 2
VLC-MDY = 3
ETM-ITE = 2
WSX-WMK = 2
UYO-VTB = 2
NAU-LDP = 2
HUV-DAM = 2
SGM-QGB = 3
YOV-BCF = 2
UBN-TAG = 2
PIV-WZW = 2
ETM-XFP = 2
WSX-BNB = 2
WFN-IKD = 2
BJJ-CIJ = 2
YBA-NPH = 3
BZL-SHT = 2
UKW-AUG = 2
KUU-AIL = 2
OKO-BJJ = 3
NAU-WZW = 2
UYO-LTM = 2
GYP-WZW = 2
ZEV-NJF = 2
KUU-NAU = 3
TAG-WZW = 3
YGD-ZEV = 2
ZZF-VKI = 1
XFP-GAJ = 2
SGM-NPH = 2
UBO-DNH = 2
PBK-BEX = 2
HXA-TAG = 2
WMK-LHW = 3
UBO-NJF = 3
AQI-HXA = 3
JIZ-PBK = 2
YBA-GBS = 2
QTA-LDP = 2
OKO-NQF = 2
HUV-WMK = 1
VTB-ULV = 2
DLK-SGM = 2
CMA-VHT = 2
MQZ-JIZ = 2
WSX-VKI = 2
UBO-WMK = 2
SHT-LHW = 3
VKI-LNH = 3
ETM-NPH = 3
UBN-AUG = 2
OPO-NJF = 2
