NLW-TZK = 6
JER-MVN = 9
GFX-MEJ = 9
ALK-VQS = 15
GVG-GZN = 12
WEH-HKM = 13
IJU-FYZ = 11
PHG-NBE = 14
YRF-RSY = 9
FBJ-THA = 12
OJL-UQK = 13
BWL-NON = 11
MFA-SQB = 13
ETP-WZB = 10
OMT-PAY = 10
NVD-TSY = 11
YRY-QHW = 14
QHZ-MBQ = 13
VLQ-UUL = 13
VRN-EWN = 13
QIT-UPT = 12
JFE-FJK = 10
ZAU-VDO = 7
BMT-UZT = 9
XPN-ALO = 8
VWF-MTZ = 13
UVM-XQQ = 8
BES-TKE = 11
WVA-UUF = 14
NKJ-CNG = 11
NIT-GLU = 12
FWG-ROQ = 11
PMV-ANM = 9
CUV-BJN = 6
KZJ-JXD = 11
RZU-GHE = 9
NAF-EJM = 8
HHE-NYS = 13
DSX-UQD = 10
LFU-DVX = 12
BNQ-CNX = 11
TDF-KDU = 10
YFR-QWB = 10
DSR-CLQ = 11
AUP-IWU = 9
XQT-HCH = 11
UZV-LIQ = 9
JHB-VJG = 13
CKU-FRX = 11
LBJ-DTK = 10
DLH-FVO = 11
JSQ-AXQ = 11
LGT-QZL = 9
BIL-LNY = 12
TFL-YPE = 11
BCR-DKW = 8
KRT-RMO = 8
LMK-CTV = 10
IGN-ZXQ = 10
VEC-UOR = 8
QWM-ZLY = 11
SSZ-EFQ = 10
KFL-RMD = 11
GZZ-PKA = 12
KZU-PIO = 9
CDF-ICY = 11
ZPJ-YIX = 11
DZA-MHO = 10
IGL-HHX = 13
GPD-ADV = 12
JPK-CGI = 12
HGG-IMC = 6
YIT-EZD = 9
XGP-GZN = 11
BCR-NRL = 6
YIM-OUI = 13
UIV-FZY = 13
TCB-OYB = 16
QLV-PYF = 9
XKP-JEU = 11
YTD-OQT = 9
ZAH-ZVW = 9
UPJ-ERT = 10
UGT-WOD = 10
JNH-MCX = 12
XPC-NQS = 14
SUJ-ZUG = 10
HPX-LLB = 11
MMU-HVE = 11
WXB-LAM = 12
UWB-MMW = 12
VHW-GCI = 3
CGJ-EAS = 14
PLU-RGO = 9
RTN-HLM = 11
NXE-POR = 9
XNV-VHB = 11
ILP-BVV = 9
PRR-RWA = 10
OIG-USD = 9
