DHW-BUW = sem conexao
FYV-JDC = 16
CJJ-AFG = sem conexao
OGZ-PLG = sem conexao
UGV-SRF = 22
SLV-QGS = 16
JFG-IOK = sem conexao
RGJ-EBO = sem conexao
VBJ-DYO = sem conexao
UNG-CMG = 23
VQR-NVO = sem conexao
PNB-GWH = sem conexao
THI-TUC = sem conexao
TBE-MZH = 20
HVC-KUQ = 24
FLV-YXY = sem conexao
MIT-OEY = sem conexao
AXU-HQM = sem conexao
UHF-LJZ = sem conexao
ZRX-MCB = sem conexao
REU-DPY = 23
BVX-NXS = sem conexao
ARZ-HTA = 23
KCQ-SZW = sem conexao
HLL-PIC = sem conexao
CLS-AGI = sem conexao
JWP-VYG = sem conexao
HMP-RCG = sem conexao
AHO-SFN = sem conexao
HFU-XQU = 38
IBI-LBE = sem conexao
BEA-BCR = sem conexao
SJB-EXW = sem conexao
YSP-EWF = 24
ORB-TBE = 33
WHZ-TQS = sem conexao
XOJ-YNH = 30
TEU-TTU = sem conexao
UPY-WBZ = sem conexao
RCG-NUV = sem conexao
LZL-SAA = 23
GTB-CDE = sem conexao
DYO-ZEU = sem conexao
EBH-ESH = sem conexao
QCQ-VTC = sem conexao
THI-CNP = 23
BUA-WAO = 23
VOX-LTE = sem conexao
LNK-RSL = sem conexao
JKW-MXS = sem conexao
SSK-LHB = 30
OLF-ADZ = 16
YKS-TFC = sem conexao
TAK-UGH = 25
FTO-NSY = sem conexao
ECO-IMD = sem conexao
ZIR-UFS = 24
PGE-QLY = 30
AJZ-JKZ = sem conexao
ULW-XIE = sem conexao
HIC-QWY = 20
OVG-NVO = 29
GVX-IMF = sem conexao
EQW-TKO = sem conexao
OUN-IAC = sem conexao
SQN-KJZ = sem conexao
KMO-MKQ = sem conexao
CNM-ZCA = 31
FDO-QOP = 20
DXT-ELT = sem conexao
KFE-LZH = 16
SAH-NBV = sem conexao
ZZV-IIO = sem conexao
RAH-TQZ = 25
WSW-RZH = sem conexao
WHA-ZQH = sem conexao
KHZ-HAV = 16
RJV-MFZ = 21
DAC-HIV = sem conexao
RDS-SST = 18
VMB-BEK = sem conexao
LWC-WGF = sem conexao
IAM-QFJ = 29
XTV-EIM = sem conexao
BMH-ARR = sem conexao
FWC-SAA = 17
THL-JPO = 22
NUV-HTW = 11
ENM-HLZ = sem conexao
OEL-OWM = sem conexao
HAK-VEN = 38
YIK-UQI = sem conexao
AIS-BLP = 10
VEK-VOY = sem conexao
GVP-ESS = 22
NRE-COK = 25
TDC-QVH = 28
DAJ-QUX = sem conexao
ROX-GWJ = sem conexao
ATX-PAU = sem conexao
