AVL-BGR = sem conexao
AVL-CCX = sem conexao
AVL-GZL = sem conexao
AVL-ICJ = sem conexao
AVL-IQW = sem conexao
AVL-MOG = sem conexao
AVL-PTA = sem conexao
AVL-QZZ = sem conexao
AVL-RFJ = 2
AVL-ROU = 1
AVL-RXM = sem conexao
AVL-SMT = sem conexao
AVL-TSX = sem conexao
AVL-TWL = sem conexao
AVL-VOV = sem conexao
AVL-VTX = 1
AVL-VYH = sem conexao
AVL-WRH = sem conexao
AVL-XWW = sem conexao
BGR-CCX = sem conexao
BGR-GZL = sem conexao
BGR-ICJ = sem conexao
BGR-IQW = sem conexao
BGR-MOG = sem conexao
BGR-PTA = sem conexao
BGR-QZZ = sem conexao
BGR-RFJ = sem conexao
BGR-ROU = sem conexao
BGR-RXM = sem conexao
BGR-SMT = sem conexao
BGR-TSX = sem conexao
BGR-TWL = sem conexao
BGR-VOV = sem conexao
BGR-VTX = sem conexao
BGR-VYH = 1
BGR-WRH = sem conexao
BGR-XWW = sem conexao
CCX-GZL = 2
CCX-ICJ = sem conexao
CCX-IQW = sem conexao
CCX-MOG = sem conexao
CCX-PTA = 1
CCX-QZZ = 3
CCX-RFJ = sem conexao
CCX-ROU = sem conexao
CCX-RXM = sem conexao
CCX-SMT = sem conexao
CCX-TSX = sem conexao
CCX-TWL = sem conexao
CCX-VOV = sem conexao
CCX-VTX = sem conexao
CCX-VYH = sem conexao
CCX-WRH = sem conexao
CCX-XWW = sem conexao
GZL-ICJ = sem conexao
GZL-IQW = sem conexao
GZL-MOG = sem conexao
GZL-PTA = 1
GZL-QZZ = 1
GZL-RFJ = sem conexao
GZL-ROU = sem conexao
GZL-RXM = sem conexao
GZL-SMT = sem conexao
GZL-TSX = sem conexao
GZL-TWL = sem conexao
GZL-VOV = sem conexao
GZL-VTX = sem conexao
GZL-VYH = sem conexao
GZL-WRH = sem conexao
GZL-XWW = sem conexao
ICJ-IQW = 3
ICJ-MOG = 4
ICJ-PTA = sem conexao
ICJ-QZZ = sem conexao
ICJ-RFJ = sem conexao
ICJ-ROU = sem conexao
ICJ-RXM = sem conexao
ICJ-SMT = 2
ICJ-TSX = sem conexao
ICJ-TWL = sem conexao
ICJ-VOV = 1
ICJ-VTX = sem conexao
ICJ-VYH = sem conexao
ICJ-WRH = 3
ICJ-XWW = sem conexao
IQW-MOG = 3
IQW-PTA = sem conexao
IQW-QZZ = sem conexao
IQW-RFJ = sem conexao
IQW-ROU = sem conexao
IQW-RXM = sem conexao
IQW-SMT = 1
IQW-TSX = sem conexao
IQW-TWL = sem conexao
IQW-VOV = 2
IQW-VTX = sem conexao
IQW-VYH = sem conexao
IQW-WRH = 2
IQW-XWW = sem conexao
MOG-PTA = sem conexao
MOG-QZZ = sem conexao
MOG-RFJ = sem conexao
MOG-ROU = sem conexao
MOG-RXM = sem conexao
MOG-SMT = 2
MOG-TSX = sem conexao
MOG-TWL = sem conexao
MOG-VOV = 3
MOG-VTX = sem conexao
MOG-VYH = sem conexao
MOG-WRH = 1
MOG-XWW = sem conexao
PTA-QZZ = 2
PTA-RFJ = sem conexao
PTA-ROU = sem conexao
PTA-RXM = sem conexao
PTA-SMT = sem conexao
PTA-TSX = sem conexao
PTA-TWL = sem conexao
PTA-VOV = sem conexao
PTA-VTX = sem conexao
PTA-VYH = sem conexao
PTA-WRH = sem conexao
PTA-XWW = sem conexao
QZZ-RFJ = sem conexao
QZZ-ROU = sem conexao
QZZ-RXM = sem conexao
QZZ-SMT = sem conexao
QZZ-TSX = sem conexao
QZZ-TWL = sem conexao
QZZ-VOV = sem conexao
QZZ-VTX = sem conexao
QZZ-VYH = sem conexao
QZZ-WRH = sem conexao
QZZ-XWW = sem conexao
RFJ-ROU = 3
RFJ-RXM = sem conexao
RFJ-SMT = sem conexao
RFJ-TSX = sem conexao
RFJ-TWL = sem conexao
RFJ-VOV = sem conexao
RFJ-VTX = 1
RFJ-VYH = sem conexao
RFJ-WRH = sem conexao
RFJ-XWW = sem conexao
ROU-RXM = sem conexao
ROU-SMT = sem conexao
ROU-TSX = sem conexao
ROU-TWL = sem conexao
ROU-VOV = sem conexao
ROU-VTX = 2
ROU-VYH = sem conexao
ROU-WRH = sem conexao
ROU-XWW = sem conexao
RXM-SMT = sem conexao
RXM-TSX = 1
RXM-TWL = sem conexao
RXM-VOV = sem conexao
RXM-VTX = sem conexao
RXM-VYH = sem conexao
RXM-WRH = sem conexao
RXM-XWW = sem conexao
SMT-TSX = sem conexao
SMT-TWL = sem conexao
SMT-VOV = 1
SMT-VTX = sem conexao
SMT-VYH = sem conexao
SMT-WRH = 1
SMT-XWW = sem conexao
TSX-TWL = sem conexao
TSX-VOV = sem conexao
TSX-VTX = sem conexao
TSX-VYH = sem conexao
TSX-WRH = sem conexao
TSX-XWW = sem conexao
TWL-VOV = sem conexao
TWL-VTX = sem conexao
TWL-VYH = sem conexao
TWL-WRH = sem conexao
TWL-XWW = 1
VOV-VTX = sem conexao
VOV-VYH = sem conexao
VOV-WRH = 2
VOV-XWW = sem conexao
VTX-VYH = sem conexao
VTX-WRH = sem conexao
VTX-XWW = sem conexao
VYH-WRH = sem conexao
VYH-XWW = sem conexao
WRH-XWW = sem conexao
