A-B = 2
B-A = 2
A-C = 2
C-A = 2
A-D = 4
D-A = 4
A-E = 4
E-A = 4
A-F = 3
F-A = 3
A-G = 1
G-A = 1
A-H = 3
H-A = 3
A-I = 2
I-A = 2
A-J = 5
J-A = 5
A-K = 2
K-A = 2
A-L = 2
L-A = 2
A-M = 1
M-A = 1
A-N = 4
N-A = 4
A-O = 6
O-A = 6
A-P = 3
P-A = 3
A-Q = 2
Q-A = 2
A-R = 3
R-A = 3
A-S = sem conexao
S-A = sem conexao
A-T = sem conexao
T-A = sem conexao
A-U = 3
U-A = 3
A-V = 4
V-A = 4
A-W = 5
W-A = 5
A-X = sem conexao
X-A = sem conexao
A-Y = sem conexao
Y-A = sem conexao
B-C = 1
C-B = 1
B-D = 3
D-B = 3
B-E = 3
E-B = 3
B-F = 3
F-B = 3
B-G = 1
G-B = 1
B-H = 2
H-B = 2
B-I = 3
I-B = 3
B-J = 4
J-B = 4
B-K = 2
K-B = 2
B-L = 2
L-B = 2
B-M = 3
M-B = 3
B-N = 5
N-B = 5
B-O = 5
O-B = 5
B-P = 3
P-B = 3
B-Q = 3
Q-B = 3
B-R = 4
R-B = 4
B-S = sem conexao
S-B = sem conexao
B-T = sem conexao
T-B = sem conexao
B-U = 4
U-B = 4
B-V = 5
V-B = 5
B-W = 6
W-B = 6
B-X = sem conexao
X-B = sem conexao
B-Y = sem conexao
Y-B = sem conexao
C-D = 2
D-C = 2
C-E = 2
E-C = 2
C-F = 3
F-C = 3
C-G = 1
G-C = 1
C-H = 1
H-C = 1
C-I = 2
I-C = 2
C-J = 3
J-C = 3
C-K = 2
K-C = 2
C-L = 2
L-C = 2
C-M = 3
M-C = 3
C-N = 4
N-C = 4
C-O = 4
O-C = 4
C-P = 3
P-C = 3
C-Q = 3
Q-C = 3
C-R = 4
R-C = 4
C-S = sem conexao
S-C = sem conexao
C-T = sem conexao
T-C = sem conexao
C-U = 4
U-C = 4
C-V = 5
V-C = 5
C-W = 6
W-C = 6
C-X = sem conexao
X-C = sem conexao
C-Y = sem conexao
Y-C = sem conexao
D-E = 1
E-D = 1
D-F = 5
F-D = 5
D-G = 3
G-D = 3
D-H = 1
H-D = 1
D-I = 2
I-D = 2
D-J = 2
J-D = 2
D-K = 4
K-D = 4
D-L = 4
L-D = 4
D-M = 3
M-D = 3
D-N = 3
N-D = 3
D-O = 3
O-D = 3
D-P = 5
P-D = 5
D-Q = 4
Q-D = 4
D-R = 4
R-D = 4
D-S = sem conexao
S-D = sem conexao
D-T = sem conexao
T-D = sem conexao
D-U = 5
U-D = 5
D-V = 6
V-D = 6
D-W = 7
W-D = 7
D-X = sem conexao
X-D = sem conexao
D-Y = sem conexao
Y-D = sem conexao
E-F = 5
F-E = 5
E-G = 3
G-E = 3
E-H = 1
H-E = 1
E-I = 2
I-E = 2
E-J = 1
J-E = 1
E-K = 4
K-E = 4
E-L = 4
L-E = 4
E-M = 3
M-E = 3
E-N = 2
N-E = 2
E-O = 2
O-E = 2
E-P = 5
P-E = 5
E-Q = 4
Q-E = 4
E-R = 3
R-E = 3
E-S = sem conexao
S-E = sem conexao
E-T = sem conexao
T-E = sem conexao
E-U = 5
U-E = 5
E-V = 6
V-E = 6
E-W = 7
W-E = 7
E-X = sem conexao
X-E = sem conexao
E-Y = sem conexao
Y-E = sem conexao
F-G = 2
G-F = 2
F-H = 4
H-F = 4
F-I = 3
I-F = 3
F-J = 5
J-F = 5
F-K = 1
K-F = 1
F-L = 1
L-F = 1
F-M = 2
M-F = 2
F-N = 4
N-F = 4
F-O = 6
O-F = 6
F-P = 2
P-F = 2
F-Q = 2
Q-F = 2
F-R = 3
R-F = 3
F-S = sem conexao
S-F = sem conexao
F-T = sem conexao
T-F = sem conexao
F-U = 3
U-F = 3
F-V = 4
V-F = 4
F-W = 5
W-F = 5
F-X = sem conexao
X-F = sem conexao
F-Y = sem conexao
Y-F = sem conexao
G-H = 2
H-G = 2
G-I = 3
I-G = 3
G-J = 4
J-G = 4
G-K = 1
K-G = 1
G-L = 1
L-G = 1
G-M = 2
M-G = 2
G-N = 4
N-G = 4
G-O = 5
O-G = 5
G-P = 2
P-G = 2
G-Q = 2
Q-G = 2
G-R = 3
R-G = 3
G-S = sem conexao
S-G = sem conexao
G-T = sem conexao
T-G = sem conexao
G-U = 3
U-G = 3
G-V = 4
V-G = 4
G-W = 5
W-G = 5
G-X = sem conexao
X-G = sem conexao
G-Y = sem conexao
Y-G = sem conexao
H-I = 1
I-H = 1
H-J = 2
J-H = 2
H-K = 3
K-H = 3
H-L = 3
L-H = 3
H-M = 2
M-H = 2
H-N = 3
N-H = 3
H-O = 3
O-H = 3
H-P = 4
P-H = 4
H-Q = 3
Q-H = 3
H-R = 4
R-H = 4
H-S = sem conexao
S-H = sem conexao
H-T = sem conexao
T-H = sem conexao
H-U = 4
U-H = 4
H-V = 5
V-H = 5
H-W = 6
W-H = 6
H-X = sem conexao
X-H = sem conexao
H-Y = sem conexao
Y-H = sem conexao
I-J = 3
J-I = 3
I-K = 4
K-I = 4
I-L = 2
L-I = 2
I-M = 1
M-I = 1
I-N = 4
N-I = 4
I-O = 4
O-I = 4
I-P = 3
P-I = 3
I-Q = 2
Q-I = 2
I-R = 3
R-I = 3
I-S = sem conexao
S-I = sem conexao
I-T = sem conexao
T-I = sem conexao
I-U = 3
U-I = 3
I-V = 4
V-I = 4
I-W = 5
W-I = 5
I-X = sem conexao
X-I = sem conexao
I-Y = sem conexao
Y-I = sem conexao
J-K = 5
K-J = 5
J-L = 4
L-J = 4
J-M = 4
M-J = 4
J-N = 1
N-J = 1
J-O = 1
O-J = 1
J-P = 5
P-J = 5
J-Q = 3
Q-J = 3
J-R = 2
R-J = 2
J-S = sem conexao
S-J = sem conexao
J-T = sem conexao
T-J = sem conexao
J-U = 4
U-J = 4
J-V = 5
V-J = 5
J-W = 6
W-J = 6
J-X = sem conexao
X-J = sem conexao
J-Y = sem conexao
Y-J = sem conexao
K-L = 2
L-K = 2
K-M = 3
M-K = 3
K-N = 5
N-K = 5
K-O = 6
O-K = 6
K-P = 3
P-K = 3
K-Q = 3
Q-K = 3
K-R = 4
R-K = 4
K-S = sem conexao
S-K = sem conexao
K-T = sem conexao
T-K = sem conexao
K-U = 4
U-K = 4
K-V = 5
V-K = 5
K-W = 6
W-K = 6
K-X = sem conexao
X-K = sem conexao
K-Y = sem conexao
Y-K = sem conexao
L-M = 1
M-L = 1
L-N = 3
N-L = 3
L-O = 5
O-L = 5
L-P = 1
P-L = 1
L-Q = 1
Q-L = 1
L-R = 2
R-L = 2
L-S = sem conexao
S-L = sem conexao
L-T = sem conexao
T-L = sem conexao
L-U = 2
U-L = 2
L-V = 3
V-L = 3
L-W = 4
W-L = 4
L-X = sem conexao
X-L = sem conexao
L-Y = sem conexao
Y-L = sem conexao
M-N = 3
N-M = 3
M-O = 5
O-M = 5
M-P = 2
P-M = 2
M-Q = 1
Q-M = 1
M-R = 2
R-M = 2
M-S = sem conexao
S-M = sem conexao
M-T = sem conexao
T-M = sem conexao
M-U = 2
U-M = 2
M-V = 3
V-M = 3
M-W = 4
W-M = 4
M-X = sem conexao
X-M = sem conexao
M-Y = sem conexao
Y-M = sem conexao
N-O = 2
O-N = 2
N-P = 4
P-N = 4
N-Q = 2
Q-N = 2
N-R = 1
R-N = 1
N-S = sem conexao
S-N = sem conexao
N-T = sem conexao
T-N = sem conexao
N-U = 3
U-N = 3
N-V = 4
V-N = 4
N-W = 5
W-N = 5
N-X = sem conexao
X-N = sem conexao
N-Y = sem conexao
Y-N = sem conexao
O-P = 6
P-O = 6
O-Q = 4
Q-O = 4
O-R = 3
R-O = 3
O-S = sem conexao
S-O = sem conexao
O-T = sem conexao
T-O = sem conexao
O-U = 5
U-O = 5
O-V = 6
V-O = 6
O-W = 7
W-O = 7
O-X = sem conexao
X-O = sem conexao
O-Y = sem conexao
Y-O = sem conexao
P-Q = 2
Q-P = 2
P-R = 3
R-P = 3
P-S = sem conexao
S-P = sem conexao
P-T = sem conexao
T-P = sem conexao
P-U = 1
U-P = 1
P-V = 2
V-P = 2
P-W = 3
W-P = 3
P-X = sem conexao
X-P = sem conexao
P-Y = sem conexao
Y-P = sem conexao
Q-R = 1
R-Q = 1
Q-S = sem conexao
S-Q = sem conexao
Q-T = sem conexao
T-Q = sem conexao
Q-U = 1
U-Q = 1
Q-V = 2
V-Q = 2
Q-W = 3
W-Q = 3
Q-X = sem conexao
X-Q = sem conexao
Q-Y = sem conexao
Y-Q = sem conexao
R-S = sem conexao
S-R = sem conexao
R-T = sem conexao
T-R = sem conexao
R-U = 2
U-R = 2
R-V = 3
V-R = 3
R-W = 4
W-R = 4
R-X = sem conexao
X-R = sem conexao
R-Y = sem conexao
Y-R = sem conexao
S-T = 1
T-S = 1
S-U = sem conexao
U-S = sem conexao
S-V = sem conexao
V-S = sem conexao
S-W = sem conexao
W-S = sem conexao
S-X = 1
X-S = 1
S-Y = 1
Y-S = 1
T-U = sem conexao
U-T = sem conexao
T-V = sem conexao
V-T = sem conexao
T-W = sem conexao
W-T = sem conexao
T-X = 1
X-T = 1
T-Y = 1
Y-T = 1
U-V = 1
V-U = 1
U-W = 2
W-U = 2
U-X = sem conexao
X-U = sem conexao
U-Y = sem conexao
Y-U = sem conexao
V-W = 1
W-V = 1
V-X = sem conexao
X-V = sem conexao
V-Y = sem conexao
Y-V = sem conexao
W-X = sem conexao
X-W = sem conexao
W-Y = sem conexao
Y-W = sem conexao
X-Y = 1
Y-X = 1
