OQX-HWS = sem conexao
RZA-FFA = sem conexao
ALC-WTQ = sem conexao
YTA-ZRY = sem conexao
RWJ-JHZ = 26
JLC-JPC = 27
CRD-WCI = sem conexao
GBK-KYT = sem conexao
SYQ-NFB = sem conexao
EUV-SZL = 21
EGU-FPM = 27
YSL-IKE = sem conexao
FZR-GKV = 28
DQZ-HDW = sem conexao
KSC-CFD = sem conexao
VBV-ZFC = 23
KIM-DZB = sem conexao
WOU-RWQ = sem conexao
BWB-RFL = 24
RXD-TZS = sem conexao
EON-IAI = 23
OAR-APC = sem conexao
CFZ-HFK = sem conexao
BAK-XRE = sem conexao
RNX-VFX = sem conexao
BWJ-EGY = sem conexao
FKY-UVR = 31
YBK-XRB = 16
EDX-BGL = 27
RHV-GAU = 26
RNS-UMC = sem conexao
HFN-PNK = 26
UWJ-KYJ = sem conexao
YER-EKH = 21
FAC-DLU = sem conexao
WVF-XOT = 23
TUI-IDG = 25
LVM-FJG = sem conexao
QTC-TFZ = 19
FUB-XSU = 21
LVL-IFZ = sem conexao
NPW-RBV = sem conexao
COG-RWP = 14
TNE-XHM = sem conexao
NMB-AVM = 22
UUN-BRB = sem conexao
TFR-OHH = 18
QHI-XUG = 20
NKY-JPK = 24
EAA-UDW = 25
WPK-GIB = 19
MAU-HHI = 28
NWC-KVP = 17
LIF-NQO = sem conexao
XWM-SWH = 11
ENB-YDG = sem conexao
RSK-NYT = sem conexao
FJP-CNJ = sem conexao
CWR-YXB = 17
ROY-UHG = sem conexao
QJR-DXK = sem conexao
WHQ-KVQ = 25
EEB-VYG = sem conexao
NWW-XOR = 16
EQV-IPP = sem conexao
RDB-FPM = 18
RPW-DVV = 17
BZE-ELX = 21
EQW-VDA = 21
SPU-GWA = sem conexao
MAS-KFU = 17
JPH-OQM = 27
LKM-QZC = sem conexao
RUD-NFG = sem conexao
AKR-DWH = sem conexao
ZBH-IIH = 26
NUW-PAV = sem conexao
ASY-JWJ = sem conexao
DGE-FVM = 19
IMD-MPZ = 27
TEO-CBJ = sem conexao
IBW-SPS = sem conexao
ZDB-KMB = 31
CZO-FNY = sem conexao
PSF-OLN = sem conexao
GZH-TFX = 29
SVW-BEM = 10
TJG-NMG = 16
ZWU-URG = 20
CUU-BVD = 36
QHC-ZZH = sem conexao
IFU-WYL = 18
HZV-PJF = 20
YLM-ASL = 23
QDV-DEI = sem conexao
IFJ-XDZ = 26
UPC-WSR = sem conexao
LNZ-LCC = sem conexao
GVQ-FYS = 17
LEV-HJN = sem conexao
