RUW-XZA = 7
SJS-TVQ = 7
TPB-IIU = 7
QAR-IBV = 5
TKU-CPI = 6
UMB-TQJ = 4
FZS-QJK = 7
HKE-LIP = 6
XFT-PZL = 6
TFU-JDQ = 6
BLI-PDS = 7
IZS-QYZ = 6
QTL-FYK = 6
MJV-RMC = 6
IRS-QHX = 7
HBR-TBL = 5
JKG-XIO = 6
VNT-KZV = 5
CRA-TEM = 6
VDX-FCJ = 7
EBI-BJA = 6
ZHX-WFH = 4
VEW-UHY = 7
SFL-HLY = 7
QTO-JKS = 6
GAE-FER = 4
YCM-GLZ = 6
FTX-KQY = 7
RNB-UVF = 7
YTW-EPP = 7
POX-RAC = 6
YIN-FTC = 7
QZQ-CNW = 4
WXD-YZR = 6
AAY-GOK = 7
PAH-AIJ = 5
QJQ-FAX = 6
AZC-WOK = 5
SAX-OKY = 7
FZM-WPP = 3
AIZ-QAW = 6
FMP-TCX = 5
SOR-QIP = 6
AAF-NGI = 6
NVT-WWB = 5
HOY-LHO = 7
ULX-UPU = 8
LHH-TXM = 7
SQT-KWT = 7
LZM-GJI = 4
ZKY-LFI = 6
PMP-DLK = 6
ECY-QGT = 6
KFW-YYN = 7
ONG-AUA = 7
ATZ-HJD = 6
POG-COH = 6
OHU-WZO = 5
QCX-DDE = 5
MVR-SSY = 4
UYX-YPS = 6
FCV-UTN = 6
QVS-TXF = 5
KVZ-TIT = 6
VLV-UYK = 6
NLG-HQS = 6
THW-YVG = 5
SWQ-KYG = 5
UCJ-EFM = 6
UBV-ZDH = 4
PDM-CVT = 8
DWI-BOO = 3
SHS-ZLT = 5
JNU-RVN = 5
RPS-AEM = 5
PAH-MFX = 5
GXR-CPI = 5
LSN-ZOO = 4
YZZ-CZE = 6
JTO-SEH = 6
JEC-CEU = 6
VMF-LXC = 4
NIE-EFN = 7
ZBX-EOG = 5
MBA-ZBH = 5
HRT-TUH = 6
NLV-AQE = 6
BWO-OVR = 5
GQW-YGL = 6
PWD-IWA = 6
BMD-KLK = 5
IBT-XZB = 6
DCZ-BOA = 5
VSB-UCB = 7
BLJ-LMD = 7
GBM-HXF = 3
ACZ-CLA = 7
KXN-UXQ = 6
XBS-QWB = 7
LBX-UNL = 8
