AVL-BGR = 5
AVL-CCX = 2
AVL-GZL = 1
AVL-ICJ = 6
AVL-IQW = 3
AVL-MOG = 6
AVL-PTA = 5
AVL-QZZ = 7
AVL-RFJ = 6
AVL-ROU = 4
AVL-RXM = 4
AVL-SMT = 4
AVL-TSX = 7
AVL-TWL = 1
AVL-VOV = 6
AVL-VTX = 5
AVL-VYH = 6
AVL-WRH = 4
AVL-XWW = 5
BGR-CCX = 3
BGR-GZL = 4
BGR-ICJ = 1
BGR-IQW = 2
BGR-MOG = 1
BGR-PTA = 2
BGR-QZZ = 2
BGR-RFJ = 1
BGR-ROU = 1
BGR-RXM = 3
BGR-SMT = 3
BGR-TSX = 2
BGR-TWL = 6
BGR-VOV = 3
BGR-VTX = 2
BGR-VYH = 1
BGR-WRH = 3
BGR-XWW = 2
CCX-GZL = 1
CCX-ICJ = 4
CCX-IQW = 1
CCX-MOG = 4
CCX-PTA = 3
CCX-QZZ = 5
CCX-RFJ = 4
CCX-ROU = 2
CCX-RXM = 2
CCX-SMT = 2
CCX-TSX = 5
CCX-TWL = 3
CCX-VOV = 4
CCX-VTX = 3
CCX-VYH = 4
CCX-WRH = 2
CCX-XWW = 3
GZL-ICJ = 5
GZL-IQW = 2
GZL-MOG = 5
GZL-PTA = 4
GZL-QZZ = 6
GZL-RFJ = 5
GZL-ROU = 3
GZL-RXM = 3
GZL-SMT = 3
GZL-TSX = 6
GZL-TWL = 2
GZL-VOV = 5
GZL-VTX = 4
GZL-VYH = 5
GZL-WRH = 3
GZL-XWW = 4
ICJ-IQW = 3
ICJ-MOG = 2
ICJ-PTA = 3
ICJ-QZZ = 3
ICJ-RFJ = 2
ICJ-ROU = 2
ICJ-RXM = 4
ICJ-SMT = 4
ICJ-TSX = 1
ICJ-TWL = 7
ICJ-VOV = 4
ICJ-VTX = 3
ICJ-VYH = 2
ICJ-WRH = 4
ICJ-XWW = 3
IQW-MOG = 3
IQW-PTA = 2
IQW-QZZ = 4
IQW-RFJ = 3
IQW-ROU = 1
IQW-RXM = 1
IQW-SMT = 1
IQW-TSX = 4
IQW-TWL = 4
IQW-VOV = 3
IQW-VTX = 2
IQW-VYH = 3
IQW-WRH = 1
IQW-XWW = 2
MOG-PTA = 3
MOG-QZZ = 1
MOG-RFJ = 2
MOG-ROU = 2
MOG-RXM = 4
MOG-SMT = 4
MOG-TSX = 3
MOG-TWL = 7
MOG-VOV = 4
MOG-VTX = 3
MOG-VYH = 2
MOG-WRH = 4
MOG-XWW = 3
PTA-QZZ = 4
PTA-RFJ = 3
PTA-ROU = 1
PTA-RXM = 3
PTA-SMT = 3
PTA-TSX = 4
PTA-TWL = 6
PTA-VOV = 3
PTA-VTX = 2
PTA-VYH = 3
PTA-WRH = 3
PTA-XWW = 4
QZZ-RFJ = 3
QZZ-ROU = 3
QZZ-RXM = 5
QZZ-SMT = 5
QZZ-TSX = 4
QZZ-TWL = 8
QZZ-VOV = 5
QZZ-VTX = 4
QZZ-VYH = 3
QZZ-WRH = 5
QZZ-XWW = 4
RFJ-ROU = 2
RFJ-RXM = 4
RFJ-SMT = 2
RFJ-TSX = 3
RFJ-TWL = 7
RFJ-VOV = 4
RFJ-VTX = 3
RFJ-VYH = 2
RFJ-WRH = 4
RFJ-XWW = 1
ROU-RXM = 2
ROU-SMT = 2
ROU-TSX = 3
ROU-TWL = 5
ROU-VOV = 2
ROU-VTX = 1
ROU-VYH = 2
ROU-WRH = 2
ROU-XWW = 3
RXM-SMT = 2
RXM-TSX = 5
RXM-TWL = 5
RXM-VOV = 4
RXM-VTX = 3
RXM-VYH = 4
RXM-WRH = 2
RXM-XWW = 3
SMT-TSX = 5
SMT-TWL = 5
SMT-VOV = 4
SMT-VTX = 3
SMT-VYH = 4
SMT-WRH = 2
SMT-XWW = 1
TSX-TWL = 8
TSX-VOV = 5
TSX-VTX = 4
TSX-VYH = 3
TSX-WRH = 5
TSX-XWW = 4
TWL-VOV = 7
TWL-VTX = 6
TWL-VYH = 7
TWL-WRH = 5
TWL-XWW = 6
VOV-VTX = 1
VOV-VYH = 4
VOV-WRH = 4
VOV-XWW = 5
VTX-VYH = 3
VTX-WRH = 3
VTX-XWW = 4
VYH-WRH = 4
VYH-XWW = 3
WRH-XWW = 3
