16
6
26
54
71
92
86
71
47
42
88
40
48
16
56
66
81
5
56
87
67
11
47
9
67
12
74
32
57
1
59
100
86
80
23
75
58
67
85
37
71
17
98
19
21
45
99
57
31
94
66
26
80
72
87
79
52
67
50
68
69
73
51
42
49
97
92
52
68
90
52
21
3
46
30
78
12
76
74
67
64
76
95
43
49
64
92
47
91
94
4
36
38
55
11
44
90
33
35
55
3139
5590
1873
9301
4420
9219
4597
5436
6717
632
5708
5203
5129
5800
3691
8112
5158
261
5541
6859
5996
2526
500
9997
5013
5014
9144
1990
7681
2372
673
4529
2966
2907
6462
6880
6917
6556
9798
7885
9024
129
7780
7834
9913
6281
4523
605
936
7738
8788
7321
2160
6822
5577
6778
5440
8464
3772
337
709
9517
6355
6222
4192
9347
2669
3043
8291
2861
258
8720
7866
247
4592
1209
8788
930
8855
2632
5312
8202
4108
8556
2785
4020
8890
7062
1983
7910
4903
5586
202
7346
4092
4762
8656
1116
9829
5140
2337
8768
7169
6149
4740
4219
1801
8546
7410
8979
1921
7366
6866
6246
2872
3890
6552
6876
707
2514
9646
4867
9381
6763
6391
8382
7598
3861
5260
8833
4723
8623
8995
1844
6776
4154
8491
8321
7773
8698
6729
2788
6308
4547
9980
9725
2770
8107
8492
759
4256
1426
6626
5219
9399
4391
3456
7682
1424
1132
5465
8274
8491
4569
2776
4285
8012
7704
9241
7958
2159
6041
5221
1207
8467
100
8538
8019
4071
9990
9251
9056
5379
8591
8217
2727
6108
3280
9301
436
1687
1592
8725
459
1914
2653
785
5391
5321
4915
173433
708801
179332
978990
461498
353217
50808
615614
709786
412265
662243
805569
163477
850708
27802
581625
639570
463256
423816
875653
867007
797988
389372
150144
913509
281929
698738
211976
913805
692364
915374
908178
804792
844617
491573
262237
930719
70248
997296
541742
685835
556789
326500
345600
785113
506671
429617
699281
559191
534966
264820
668817
284060
361149
678200
593874
466931
824641
347215
395234
793173
563158
938223
266786
589376
365281
471489
721149
268647
552966
119847
906344
795816
882412
450212
636220
768544
837863
292091
853376
75609
331507
922183
992050
485027
615296
665671
300874
451322
540312
31119
885105
210874
357001
696168
104957
122145
647474
165828
553121
209382
119985
743442
783237
682870
72773
817333
922879
785894
332728
102454
742034
294252
860552
933032
214513
459516
395335
804764
448868
609941
408673
481679
176053
350975
506509
36837
222070
796204
571436
914596
817634
131826
229290
698338
347916
985804
55932
91685
715134
463874
69665
134640
760093
228508
246399
286890
783707
56128
169875
254624
36303
924816
550279
155459
341740
253665
530749
223040
381682
354490
336250
652560
556678
586187
655636
678679
194252
120867
318450
655892
808389
690647
347510
749172
709490
889301
112868
119999
779532
645660
556127
440888
352434
854492
859105
933539
909311
385077
905417
317996
929187
584488
800779
253116
939194
364365
747464
417833
223241
22620374
93469576
50838165
97927941
57053156
57049984
68828089
44466456
92003961
38357336
26817057
97161494
96645270
49868769
97727862
34167850
95255266
91745569
32195158
77219404
42146609
96339138
49601795
14958690
18466108
42542145
87434175
15976103
39050339
80804721
63261795
6615920
54784071
31600814
24248108
16356286
37850934
52772231
16290331
92400006
21811540
72563899
25537461
92975820
3723096
8916877
83619548
48493247
40979186
67408719
95049249
3065953
86436008
50129279
67645639
48408041
93411900
22865748
6211187
87279862
83779563
21849300
85986461
37554625
36593078
65662744
50881742
41317818
72980954
59891395
97178216
84164353
60139902
2591396
50105354
30027837
87832468
51398965
21460137
39364586
64483124
13999793
15731915
57729461
28965924
48296999
52621395
88218550
22580774
67229314
43465929
3796345
80522827
33625849
31231593
4005243
83812017
33989221
43311503
16791295
48981374
38504316
24738317
31646358
41543412
69126905
59124282
47982630
67354287
3626552
64176359
24229112
56859099
87657865
53831234
79197661
6930265
18449109
30405992
48307422
28833468
44782486
60621986
83510859
8721847
99116015
67471144
63014798
2522799
86520546
60215777
14450243
62986086
99975461
16078605
15712835
74237964
74154312
90904585
69400761
91686908
93268871
77971137
41753933
84645234
53413176
64178774
49391910
16813519
81478215
4085495
27722710
6659738
5294534
75405426
76019468
88917435
78159803
75757112
52620438
66092149
31263858
89688150
85560573
75421587
49411244
70083909
57808491
70622476
14717483
79578135
89467511
42356977
98394924
13402324
84770124
60210607
77509254
31136245
73414305
24667404
47439099
87488757
59033038
99912975
29568655
65150771
10017070
37471859
58533057
2739773
49295967
99302202
15944260
59088721
61174919
61557129
73259064
36821876
62047069
13494346
26116172
4012370
65834385
87368713
40717632
77472477
6085880
55255637
22502904
65391222
93324721
79423149
76740599
60553220
74638219
77790049
5531793
31400217
12446775
72969056
54273100
26143453
26916809
63820889
14550095
24455436
93699349
51426490
97872328
26418799
90137969
59688199
84758500
41637260
2552785
69025658
49663426
39802003
2658203
31357484
60955261
59329753
42293196
93336267
87731395
64075995
55118897
61863085
23415898
96052458
7125657
8903816
58742281
97445729
21434257
4308101
31427533
79735413
26765862
19386524
86088227
36502994
67702700
43796417
49321328
94902135
20776474
64698934
36002460
95653360
13500952
90974696
15438544
71508338
31473212
88619720
39349571
93120970
93344293
88447491
18590779
50844584
80424474
78027499
16273226
16163112
62020464
3487599
67503570
5036628
87596557
68900929
89111861
94064612
57902982
23361111
51584977
8581886
31313567
12961314
9011537
43487468
45504523
22719002
55218708
84720734
57630470
93739477
35279296
94448323
51413889
35860521
19580623
32854739
86044174
97455954
27620784
62687766
34354182
75598652
14781898
69534952
49357156
26408607
40071701
21292224
3769759
75884435
12405542
76610393
67401845
30093628
21496432885
23259514969
11937187444
7881647821
6902032703
2452409718
11858735313
4754601603
21325023166
19019933064
23332689769
18509236604
9318077744
12533362910
20158842191
18778424063
14055616190
8060026055
21377221536
13275031320
1712431889
5399224524
19402790753
16264625476
23406574802
15883921117
23957034413
6575840187
5471098865
3654463175
16394805333
12717449036
21798348311
1390001291
9496294594
13824901118
23074786932
5631530741
8556191057
18231538822
13220230957
13705611691
25460127542
18405202270
6687295649
3795720911
10058184430
24900360559
24456911105
18241721243
3699628648
450145434
2353014315
19267575168
9338665448
10910582637
14066665882
22010465468
17109986624
815511389
3867953594
19996055916
8535228708
1321192824
12093994456
14567687207
14106484435
23115961753
21582295926
2452307107
22601612383
18095862241
15566497529
25184631446
24894230326
14614664697
20498207295
17362244175
11031044377
526734144
17647226639
20657409617
4094067801
20508276799
6397583747
10551825585
294849188
4546721487
7728259689
16652097294
25315177642
18651161234
6652655466
10751749131
6436686385
11835290363
4918043868
8937826362
24909544134
11446191463
15288639071
10674842815
1599176863
7556880513
14375618277
8918411201
23701747050
9787974307
25331613109
8832881002
24830587612
7535682594
17704666383
10862056786
16007884366
25241952950
10693059689
4256700216
13902836220
3999295512
7105726611
1890583482
177751398
18598783601
2111037903
25291349269
20359229868
2414972874
13073769844
14291592532
24453758764
11997824508
24775813339
7820626237
23654624626
14734678263
19510130765
23913112117
7652411219
13449099155
11198379147
24491050906
17689437839
12147047236
23069085038
21568138098
11321548466
16623323590
22946160536
15649901195
16983253965
4608142034
12162636632
3069649787
10030241297
9360978963
13762126327
24224060101
3569445935
17514033453
9710284353
21439044248
9750799109
14617512912
19786095660
20878104911
6218266728
0
