1
20
21
400
401
420
421
8000
8001
8020
8021
8400
8401
8420
8421
160000
160001
160020
160021
160400
160401
160420
160421
168000
168001
168020
168021
168400
168401
168420
168421
3200000
3200001
3200020
3200021
3200400
3200401
3200420
3200421
3208000
3208001
3208020
3208021
3208400
3208401
3208420
3208421
3360000
3360001
3360020
3360021
3360400
3360401
3360420
3360421
3368000
3368001
3368020
3368021
3368400
3368401
3368420
3368421
64000000
64000001
64000020
64000021
64000400
64000401
64000420
64000421
64008000
64008001
64008020
64008021
64008400
64008401
64008420
64008421
64160000
64160001
64160020
64160021
64160400
64160401
64160420
64160421
64168000
64168001
64168020
64168021
64168400
64168401
64168420
64168421
67200000
67200001
67200020
67200021
67200400
67200401
67200420
67200421
67208000
67208001
67208020
67208021
67208400
67208401
67208420
67208421
67360000
67360001
67360020
67360021
67360400
67360401
67360420
67360421
67368000
67368001
67368020
67368021
67368400
67368401
67368420
67368421
1280000000
1280000001
1280000020
1280000021
1280000400
1280000401
1280000420
1280000421
1280008000
1280008001
1280008020
1280008021
1280008400
1280008401
1280008420
1280008421
1280160000
1280160001
1280160020
1280160021
1280160400
1280160401
1280160420
1280160421
1280168000
1280168001
1280168020
1280168021
1280168400
1280168401
1280168420
1280168421
1283200000
1283200001
1283200020
1283200021
1283200400
1283200401
1283200420
1283200421
1283208000
1283208001
1283208020
1283208021
1283208400
1283208401
1283208420
1283208421
1283360000
1283360001
1283360020
1283360021
1283360400
1283360401
1283360420
1283360421
1283368000
1283368001
1283368020
1283368021
1283368400
1283368401
1283368420
1283368421
1344000000
1344000001
1344000020
1344000021
1344000400
1344000401
1344000420
1344000421
1344008000
1344008001
1344008020
1344008021
1344008400
1344008401
1344008420
1344008421
1344160000
1344160001
1344160020
1344160021
1344160400
1344160401
1344160420
1344160421
1344168000
1344168001
1344168020
1344168021
1344168400
1344168401
1344168420
1344168421
1347200000
1347200001
1347200020
1347200021
1347200400
1347200401
1347200420
1347200421
1347208000
1347208001
1347208020
1347208021
1347208400
1347208401
1347208420
1347208421
1347360000
1347360001
1347360020
1347360021
1347360400
1347360401
1347360420
1347360421
1347368000
1347368001
1347368020
1347368021
1347368400
1347368401
1347368420
1347368421
0
