5
100
105
2000
2005
2100
2105
40000
40005
40100
40105
42000
42005
42100
42105
800000
800005
800100
800105
802000
802005
802100
802105
840000
840005
840100
840105
842000
842005
842100
842105
16000000
16000005
16000100
16000105
16002000
16002005
16002100
16002105
16040000
16040005
16040100
16040105
16042000
16042005
16042100
16042105
16800000
16800005
16800100
16800105
16802000
16802005
16802100
16802105
16840000
16840005
16840100
16840105
16842000
16842005
16842100
16842105
320000000
320000005
320000100
320000105
320002000
320002005
320002100
320002105
320040000
320040005
320040100
320040105
320042000
320042005
320042100
320042105
320800000
320800005
320800100
320800105
320802000
320802005
320802100
320802105
320840000
320840005
320840100
320840105
320842000
320842005
320842100
320842105
336000000
336000005
336000100
336000105
336002000
336002005
336002100
336002105
336040000
336040005
336040100
336040105
336042000
336042005
336042100
336042105
336800000
336800005
336800100
336800105
336802000
336802005
336802100
336802105
336840000
336840005
336840100
336840105
336842000
336842005
336842100
336842105
6400000000
6400000005
6400000100
6400000105
6400002000
6400002005
6400002100
6400002105
6400040000
6400040005
6400040100
6400040105
6400042000
6400042005
6400042100
6400042105
6400800000
6400800005
6400800100
6400800105
6400802000
6400802005
6400802100
6400802105
6400840000
6400840005
6400840100
6400840105
6400842000
6400842005
6400842100
6400842105
6416000000
6416000005
6416000100
6416000105
6416002000
6416002005
6416002100
6416002105
6416040000
6416040005
6416040100
6416040105
6416042000
6416042005
6416042100
6416042105
6416800000
6416800005
6416800100
6416800105
6416802000
6416802005
6416802100
6416802105
6416840000
6416840005
6416840100
6416840105
6416842000
6416842005
6416842100
6416842105
6720000000
6720000005
6720000100
6720000105
6720002000
6720002005
6720002100
6720002105
6720040000
6720040005
6720040100
6720040105
6720042000
6720042005
6720042100
6720042105
6720800000
6720800005
6720800100
6720800105
6720802000
6720802005
6720802100
6720802105
6720840000
6720840005
6720840100
6720840105
6720842000
6720842005
6720842100
6720842105
6736000000
6736000005
6736000100
6736000105
6736002000
6736002005
6736002100
6736002105
6736040000
6736040005
6736040100
6736040105
6736042000
6736042005
6736042100
6736042105
6736800000
6736800005
6736800100
6736800105
6736802000
6736802005
6736802100
6736802105
6736840000
6736840005
6736840100
6736840105
6736842000
6736842005
6736842100
6736842105
0
