19
380
399
7600
7619
7980
7999
152000
152019
152380
152399
159600
159619
159980
159999
3040000
3040019
3040380
3040399
3047600
3047619
3047980
3047999
3192000
3192019
3192380
3192399
3199600
3199619
3199980
3199999
60800000
60800019
60800380
60800399
60807600
60807619
60807980
60807999
60952000
60952019
60952380
60952399
60959600
60959619
60959980
60959999
63840000
63840019
63840380
63840399
63847600
63847619
63847980
63847999
63992000
63992019
63992380
63992399
63999600
63999619
63999980
63999999
1216000000
1216000019
1216000380
1216000399
1216007600
1216007619
1216007980
1216007999
1216152000
1216152019
1216152380
1216152399
1216159600
1216159619
1216159980
1216159999
1219040000
1219040019
1219040380
1219040399
1219047600
1219047619
1219047980
1219047999
1219192000
1219192019
1219192380
1219192399
1219199600
1219199619
1219199980
1219199999
1276800000
1276800019
1276800380
1276800399
1276807600
1276807619
1276807980
1276807999
1276952000
1276952019
1276952380
1276952399
1276959600
1276959619
1276959980
1276959999
1279840000
1279840019
1279840380
1279840399
1279847600
1279847619
1279847980
1279847999
1279992000
1279992019
1279992380
1279992399
1279999600
1279999619
1279999980
1279999999
24320000000
24320000019
24320000380
24320000399
24320007600
24320007619
24320007980
24320007999
24320152000
24320152019
24320152380
24320152399
24320159600
24320159619
24320159980
24320159999
24323040000
24323040019
24323040380
24323040399
24323047600
24323047619
24323047980
24323047999
24323192000
24323192019
24323192380
24323192399
24323199600
24323199619
24323199980
24323199999
24380800000
24380800019
24380800380
24380800399
24380807600
24380807619
24380807980
24380807999
24380952000
24380952019
24380952380
24380952399
24380959600
24380959619
24380959980
24380959999
24383840000
24383840019
24383840380
24383840399
24383847600
24383847619
24383847980
24383847999
24383992000
24383992019
24383992380
24383992399
24383999600
24383999619
24383999980
24383999999
25536000000
25536000019
25536000380
25536000399
25536007600
25536007619
25536007980
25536007999
25536152000
25536152019
25536152380
25536152399
25536159600
25536159619
25536159980
25536159999
25539040000
25539040019
25539040380
25539040399
25539047600
25539047619
25539047980
25539047999
25539192000
25539192019
25539192380
25539192399
25539199600
25539199619
25539199980
25539199999
25596800000
25596800019
25596800380
25596800399
25596807600
25596807619
25596807980
25596807999
25596952000
25596952019
25596952380
25596952399
25596959600
25596959619
25596959980
25596959999
25599840000
25599840019
25599840380
25599840399
25599847600
25599847619
25599847980
25599847999
25599992000
25599992019
25599992380
25599992399
25599999600
25599999619
25599999980
25599999999
0
