Classificados para a Final
time 003 - Mogi das Cruzes (10,1905)
time 034 - Ferraz Vasconcelos (10,1609)
time 053 - Mogi Mirim (11,1932)
time 057 - Mogi Mirim (12,2260)
time 059 - Sorocaba (10,1654)
time 085 - Zona Leste (9,1472)
time 104 - Braganca Paulista (11,1745)
time 116 - Guarulhos (11,1919)
time 139 - Sao Paulo (10,1900)
time 143 - Americana (10,1362)
time 146 - Americana (11,1553)
time 147 - Americana (12,2391)
time 168 - Zona Sul (11,1371)
time 175 - Sao Caetano (8,919)
time 184 - Ourinhos (7,818)
time 185 - Ourinhos (6,556)
time 186 - Ourinhos (4,264)
time 189 - Ourinhos (7,1022)
time 190 - Ourinhos (10,1780)
time 195 - Ourinhos (5,421)
time 207 - Diadema (9,1609)
time 217 - Sao Jose dos Campos (9,1390)
time 225 - Santana de Parnaiba (12,2157)
time 229 - Santana de Parnaiba (12,1898)
time 234 - Ipiranga (12,2388)
time 252 - Marilia (8,1373)
time 260 - Ribeirao Preto (7,1086)
time 262 - Guaratingueta (4,254)
time 271 - Garca (9,1616)
time 273 - Praia Grande (9,1270)
time 279 - Campinas (10,1740)
time 285 - Taquaritinga (8,1080)
time 291 - Taubate (8,1085)
time 293 - Osasco (6,516)
time 297 - Cotia (4,282)
time 301 - Itapetininga (9,1260)
time 304 - Jundiai (6,632)
time 306 - Carapicuiba (4,332)
time 307 - Itapira (12,2556)
time 309 - Presidente Prudente (3,124)
time 312 - Araras (4,314)
time 314 - Franca (5,394)
time 316 - Tatui (4,229)
time 317 - Rio Claro (6,691)
time 320 - Atibaia (4,366)

Lista de Espera
time 148 - Americana (10,1493)
time 281 - Campinas (10,2022)
time 103 - Braganca Paulista (10,2101)
time 158 - Zona Sul (9,1021)
time 050 - Mogi Mirim (9,1176)
time 130 - Sao Paulo (9,1224)
time 160 - Zona Sul (9,1259)
time 278 - Praia Grande (9,1279)
time 135 - Sao Paulo (9,1305)
time 241 - Ipiranga (9,1349)
time 129 - Sao Paulo (9,1370)
time 002 - Mogi das Cruzes (9,1396)
time 012 - Mogi das Cruzes (9,1431)
time 214 - Sao Jose dos Campos (9,1484)
time 141 - Sao Paulo (9,1497)
time 152 - Americana (9,1512)
time 055 - Mogi Mirim (9,1689)
time 062 - Sorocaba (9,1772)
time 224 - Santana de Parnaiba (8,751)
time 097 - Braganca Paulista (8,798)
time 093 - Zona Leste (8,936)
time 010 - Mogi das Cruzes (8,943)
time 171 - Sao Caetano (8,944)
time 128 - Sao Paulo (8,950)
time 125 - Guarulhos (8,989)
time 029 - Ferraz Vasconcelos (8,993)
time 091 - Zona Leste (8,998)
time 026 - Ferraz Vasconcelos (8,1030)
time 170 - Zona Sul (8,1034)
time 134 - Sao Paulo (8,1071)
time 169 - Zona Sul (8,1240)
time 276 - Praia Grande (7,727)
time 078 - Zona Leste (7,755)
time 090 - Zona Leste (7,767)
time 133 - Sao Paulo (7,786)
time 065 - Sorocaba (7,793)
time 228 - Santana de Parnaiba (7,808)
time 246 - Marilia (7,809)
time 098 - Braganca Paulista (7,822)
time 145 - Americana (7,828)
time 110 - Braganca Paulista (7,835)
time 199 - Diadema (7,844)
time 286 - Taquaritinga (7,853)
time 289 - Taubate (7,874)
time 124 - Guarulhos (7,885)
time 117 - Guarulhos (7,905)
time 063 - Sorocaba (7,917)
time 051 - Mogi Mirim (7,951)
time 212 - Sao Jose dos Campos (7,980)
time 292 - Taubate (7,1066)
time 267 - Garca (6,410)
time 083 - Zona Leste (6,472)
time 173 - Sao Caetano (6,481)
time 045 - Mogi Mirim (6,484)
time 159 - Zona Sul (6,489)
time 250 - Marilia (6,507)
time 023 - Ferraz Vasconcelos (6,512)
time 198 - Diadema (6,513)
time 302 - Itapetininga (6,520)
time 120 - Guarulhos (6,530)
time 208 - Diadema (6,534)
time 070 - Sorocaba (6,542)
time 042 - Mogi Mirim (6,549)
time 060 - Sorocaba (6,555)
time 203 - Diadema (6,565)
time 112 - Guarulhos (6,570)
time 073 - Sorocaba (6,576)
time 277 - Praia Grande (6,585)
time 019 - Mogi das Cruzes (6,609)
time 155 - Americana (6,610)
time 230 - Santana de Parnaiba (6,631)
time 024 - Ferraz Vasconcelos (6,648)
time 283 - Campinas (6,662)
time 054 - Mogi Mirim (6,664)
time 288 - Taquaritinga (6,665)
time 249 - Marilia (6,670)
time 226 - Santana de Parnaiba (6,683)
time 009 - Mogi das Cruzes (6,696)
time 011 - Mogi das Cruzes (6,720)
time 176 - Sao Caetano (6,766)
time 270 - Garca (6,767)
time 251 - Marilia (6,778)
time 015 - Mogi das Cruzes (5,251)
time 197 - Diadema (5,293)
time 084 - Zona Leste (5,301)
time 210 - Sao Jose dos Campos (5,327)
time 099 - Braganca Paulista (5,334)
time 007 - Mogi das Cruzes (5,349)
time 052 - Mogi Mirim (5,351)
time 089 - Zona Leste (5,375)
time 071 - Sorocaba (5,388)
time 248 - Marilia (5,392)
time 056 - Mogi Mirim (5,395)
time 238 - Ipiranga (5,398)
time 166 - Zona Sul (5,405)
time 206 - Diadema (5,410)
time 077 - Zona Leste (5,411)
time 068 - Sorocaba (5,414)
time 200 - Diadema (5,417)
time 095 - Braganca Paulista (5,419)
time 061 - Sorocaba (5,426)
time 108 - Braganca Paulista (5,427)
time 313 - Franca (5,430)
time 021 - Ferraz Vasconcelos (5,442)
time 308 - Itapira (5,445)
time 081 - Zona Leste (5,447)
time 269 - Garca (5,452)
time 136 - Sao Paulo (5,459)
time 142 - Sao Paulo (5,462)
time 100 - Braganca Paulista (5,466)
time 318 - Rio Claro (5,468)
time 220 - Sao Jose dos Campos (5,476)
time 027 - Ferraz Vasconcelos (5,482)
time 213 - Sao Jose dos Campos (5,497)
time 205 - Diadema (5,501)
time 227 - Santana de Parnaiba (5,511)
time 275 - Praia Grande (5,535)
time 058 - Sorocaba (5,567)
time 162 - Zona Sul (4,230)
time 296 - Osasco (4,239)
time 033 - Ferraz Vasconcelos (4,241)
time 153 - Americana (4,248)
time 126 - Guarulhos (4,250)
time 067 - Sorocaba (4,253)
time 179 - Sao Caetano (4,260)
time 231 - Santana de Parnaiba (4,261)
time 114 - Guarulhos (4,262)
time 178 - Sao Caetano (4,263)
time 239 - Ipiranga (4,265)
time 290 - Taubate (4,267)
time 149 - Americana (4,268)
time 082 - Zona Leste (4,276)
time 137 - Sao Paulo (4,277)
time 087 - Zona Leste (4,281)
time 182 - Sao Caetano (4,285)
time 218 - Sao Jose dos Campos (4,289)
time 233 - Santana de Parnaiba (4,292)
time 115 - Guarulhos (4,295)
time 020 - Ferraz Vasconcelos (4,296)
time 111 - Guarulhos (4,297)
time 156 - Americana (4,298)
time 140 - Sao Paulo (4,299)
time 247 - Marilia (4,301)
time 193 - Ourinhos (4,303)
time 006 - Mogi das Cruzes (4,307)
time 032 - Ferraz Vasconcelos (4,308)
time 204 - Diadema (4,309)
time 219 - Sao Jose dos Campos (4,311)
time 040 - Mogi Mirim (4,315)
time 284 - Campinas (4,320)
time 018 - Mogi das Cruzes (4,326)
time 232 - Santana de Parnaiba (4,327)
time 131 - Sao Paulo (4,329)
time 235 - Ipiranga (4,333)
time 118 - Guarulhos (4,335)
time 245 - Marilia (4,336)
time 106 - Braganca Paulista (4,343)
time 287 - Taquaritinga (4,359)
time 256 - Ribeirao Preto (4,367)
time 202 - Diadema (3,118)
time 223 - Santana de Parnaiba (3,130)
time 183 - Sao Caetano (3,131)
time 240 - Ipiranga (3,133)
time 181 - Sao Caetano (3,139)
time 154 - Americana (3,141)
time 209 - Diadema (3,142)
time 265 - Guaratingueta (3,143)
time 036 - Ferraz Vasconcelos (3,145)
time 164 - Zona Sul (3,146)
time 150 - Americana (3,147)
time 244 - Ipiranga (3,148)
time 242 - Ipiranga (3,149)
time 272 - Garca (3,150)
time 001 - Mogi das Cruzes (3,151)
time 039 - Mogi Mirim (3,152)
time 069 - Sorocaba (3,153)
time 080 - Zona Leste (3,154)
time 123 - Guarulhos (3,155)
time 121 - Guarulhos (3,156)
time 138 - Sao Paulo (3,157)
time 280 - Campinas (3,158)
time 282 - Campinas (3,160)
time 074 - Sorocaba (3,162)
time 025 - Ferraz Vasconcelos (3,163)
time 030 - Ferraz Vasconcelos (3,164)
time 038 - Ferraz Vasconcelos (3,165)
time 004 - Mogi das Cruzes (3,166)
time 102 - Braganca Paulista (3,167)
time 151 - Americana (3,168)
time 167 - Zona Sul (3,169)
time 253 - Ribeirao Preto (3,170)
time 298 - Cotia (3,171)
time 014 - Mogi das Cruzes (3,172)
time 180 - Sao Caetano (3,173)
time 221 - Sao Jose dos Campos (3,174)
time 041 - Mogi Mirim (3,175)
time 049 - Mogi Mirim (3,176)
time 144 - Americana (3,177)
time 107 - Braganca Paulista (3,178)
time 113 - Guarulhos (3,179)
time 043 - Mogi Mirim (3,180)
time 201 - Diadema (3,181)
time 035 - Ferraz Vasconcelos (3,182)
time 031 - Ferraz Vasconcelos (3,183)
time 165 - Zona Sul (3,184)
time 237 - Ipiranga (3,185)
time 016 - Mogi das Cruzes (3,186)
time 076 - Sorocaba (3,187)
time 037 - Ferraz Vasconcelos (3,188)
time 101 - Braganca Paulista (3,189)
time 109 - Braganca Paulista (3,190)
time 163 - Zona Sul (3,191)
time 177 - Sao Caetano (3,192)
time 086 - Zona Leste (3,193)
time 022 - Ferraz Vasconcelos (3,194)
time 127 - Guarulhos (3,195)
time 211 - Sao Jose dos Campos (3,196)
time 222 - Sao Jose dos Campos (3,197)
time 243 - Ipiranga (3,198)
time 088 - Zona Leste (3,199)
time 119 - Guarulhos (3,200)
time 254 - Ribeirao Preto (3,201)
time 255 - Ribeirao Preto (3,202)
time 075 - Sorocaba (3,203)
time 259 - Ribeirao Preto (3,204)
time 005 - Mogi das Cruzes (3,205)
time 294 - Osasco (3,206)
time 013 - Mogi das Cruzes (3,207)
time 094 - Braganca Paulista (3,208)
time 264 - Guaratingueta (3,209)
time 295 - Osasco (3,210)
time 096 - Braganca Paulista (3,211)
time 192 - Ourinhos (3,212)
time 215 - Sao Jose dos Campos (3,213)
time 305 - Carapicuiba (3,214)
time 311 - Araras (3,215)
time 319 - Atibaia (3,216)
time 266 - Guaratingueta (3,219)
time 046 - Mogi Mirim (3,220)
time 047 - Mogi Mirim (3,221)
time 017 - Mogi das Cruzes (3,222)
time 044 - Mogi Mirim (3,223)
time 066 - Sorocaba (3,224)
time 122 - Guarulhos (3,225)
time 172 - Sao Caetano (3,226)
time 303 - Jundiai (3,227)
time 310 - Presidente Prudente (3,228)
time 092 - Zona Leste (3,230)
time 064 - Sorocaba (3,234)
time 258 - Ribeirao Preto (3,243)
time 191 - Ourinhos (2,62)
time 263 - Guaratingueta (2,80)
time 300 - Cotia (2,86)
time 315 - Tatui (2,95)
time 194 - Ourinhos (2,98)
time 188 - Ourinhos (2,100)
time 105 - Braganca Paulista (2,102)
time 174 - Sao Caetano (2,127)
time 028 - Ferraz Vasconcelos (2,129)
time 132 - Sao Paulo (2,131)
time 274 - Praia Grande (2,139)
time 196 - Ourinhos (2,157)
time 048 - Mogi Mirim (1,21)
time 008 - Mogi das Cruzes (1,27)
time 236 - Ipiranga (1,28)
time 261 - Guaratingueta (1,30)
time 161 - Zona Sul (1,44)
time 257 - Ribeirao Preto (1,45)
time 268 - Garca (1,48)
time 079 - Zona Leste (1,62)

Desclassificados
time 072 - Sorocaba (0,0)
time 157 - Americana (0,0)
time 187 - Ourinhos (0,0)
time 216 - Sao Jose dos Campos (0,0)
time 299 - Cotia (0,0)

Apuracao concluida!
