Classificados para a Final
time 008 - Mogi das Cruzes (10,1529)
time 024 - Ferraz Vasconcelos (10,1920)
time 025 - Ferraz Vasconcelos (10,1988)
time 027 - Ferraz Vasconcelos (12,2047)
time 034 - Ferraz Vasconcelos (10,1702)
time 040 - Mogi Mirim (9,1267)
time 043 - Mogi Mirim (9,1096)
time 050 - Mogi Mirim (10,1634)
time 059 - Sorocaba (9,1240)
time 063 - Sorocaba (11,1633)
time 069 - Sorocaba (11,1305)
time 082 - Zona Leste (11,1470)
time 090 - Braganca Paulista (9,1171)
time 094 - Braganca Paulista (9,1340)
time 105 - Guarulhos (11,1912)
time 122 - Sao Paulo (11,1625)
time 125 - Sao Paulo (7,1002)
time 127 - Sao Paulo (11,1341)
time 130 - Sao Paulo (8,973)
time 132 - Sao Paulo (7,822)
time 147 - Americana (8,842)
time 155 - Zona Sul (8,814)
time 166 - Sao Caetano (8,900)
time 177 - Ourinhos (11,1569)
time 178 - Ourinhos (9,1359)
time 196 - Diadema (9,1521)
time 198 - Sao Jose dos Campos (11,1634)
time 207 - Sao Jose dos Campos (9,1300)
time 210 - Santana de Parnaiba (8,820)
time 226 - Ipiranga (8,1031)
time 234 - Marilia (10,1780)
time 244 - Ribeirao Preto (10,1688)
time 247 - Guaratingueta (8,976)
time 253 - Garca (11,2074)
time 261 - Praia Grande (8,977)
time 267 - Campinas (6,666)
time 272 - Taquaritinga (5,335)
time 275 - Taubate (7,951)
time 277 - Osasco (9,1113)
time 282 - Cotia (7,845)
time 286 - Itapetininga (12,1993)
time 287 - Jundiai (9,1274)
time 290 - Carapicuiba (7,883)
time 292 - Itapira (9,1196)
time 294 - Presidente Prudente (7,782)
time 295 - Araras (3,229)
time 298 - Franca (6,588)
time 300 - Tatui (8,1511)
time 302 - Rio Claro (4,304)
time 304 - Atibaia (7,881)

Lista de Espera
time 116 - Guarulhos (9,1537)
time 107 - Guarulhos (8,785)
time 018 - Mogi das Cruzes (8,797)
time 179 - Ourinhos (8,866)
time 092 - Braganca Paulista (8,869)
time 100 - Braganca Paulista (8,951)
time 236 - Marilia (8,967)
time 280 - Osasco (8,969)
time 184 - Ourinhos (8,975)
time 023 - Ferraz Vasconcelos (8,979)
time 071 - Sorocaba (8,985)
time 028 - Ferraz Vasconcelos (8,995)
time 215 - Santana de Parnaiba (8,1007)
time 075 - Zona Leste (8,1030)
time 088 - Zona Leste (8,1143)
time 108 - Guarulhos (8,1226)
time 205 - Sao Jose dos Campos (8,1253)
time 095 - Braganca Paulista (8,1364)
time 146 - Americana (7,672)
time 052 - Mogi Mirim (7,750)
time 224 - Ipiranga (7,760)
time 168 - Sao Caetano (7,778)
time 044 - Mogi Mirim (7,781)
time 199 - Sao Jose dos Campos (7,795)
time 278 - Osasco (7,799)
time 254 - Garca (7,800)
time 138 - Americana (7,804)
time 003 - Mogi das Cruzes (7,816)
time 005 - Mogi das Cruzes (7,854)
time 041 - Mogi Mirim (7,855)
time 232 - Marilia (7,856)
time 225 - Ipiranga (7,861)
time 237 - Ribeirao Preto (7,862)
time 228 - Ipiranga (7,909)
time 007 - Mogi das Cruzes (7,953)
time 233 - Marilia (7,964)
time 096 - Braganca Paulista (7,971)
time 012 - Mogi das Cruzes (7,973)
time 036 - Ferraz Vasconcelos (7,1013)
time 113 - Guarulhos (7,1037)
time 120 - Guarulhos (7,1045)
time 213 - Santana de Parnaiba (7,1117)
time 064 - Sorocaba (6,406)
time 181 - Ourinhos (6,499)
time 104 - Braganca Paulista (6,510)
time 190 - Diadema (6,535)
time 262 - Praia Grande (6,536)
time 163 - Sao Caetano (6,549)
time 115 - Guarulhos (6,551)
time 154 - Zona Sul (6,556)
time 029 - Ferraz Vasconcelos (6,559)
time 239 - Ribeirao Preto (6,565)
time 157 - Zona Sul (6,605)
time 200 - Sao Jose dos Campos (6,634)
time 057 - Sorocaba (6,635)
time 019 - Ferraz Vasconcelos (6,646)
time 259 - Praia Grande (6,663)
time 149 - Zona Sul (6,664)
time 189 - Diadema (6,670)
time 227 - Ipiranga (6,729)
time 035 - Ferraz Vasconcelos (5,298)
time 273 - Taubate (5,309)
time 128 - Sao Paulo (5,314)
time 243 - Ribeirao Preto (5,347)
time 140 - Americana (5,359)
time 102 - Braganca Paulista (5,372)
time 255 - Garca (5,373)
time 289 - Carapicuiba (5,377)
time 206 - Sao Jose dos Campos (5,379)
time 284 - Cotia (5,397)
time 283 - Cotia (5,400)
time 117 - Guarulhos (5,403)
time 068 - Sorocaba (5,404)
time 169 - Sao Caetano (5,412)
time 252 - Garca (5,414)
time 212 - Santana de Parnaiba (5,418)
time 266 - Campinas (5,423)
time 150 - Zona Sul (5,424)
time 170 - Sao Caetano (5,428)
time 084 - Zona Leste (5,435)
time 191 - Diadema (5,437)
time 001 - Mogi das Cruzes (5,440)
time 061 - Sorocaba (5,441)
time 098 - Braganca Paulista (5,442)
time 111 - Guarulhos (5,447)
time 074 - Zona Leste (5,452)
time 175 - Ourinhos (5,453)
time 268 - Campinas (5,460)
time 085 - Zona Leste (5,461)
time 258 - Praia Grande (5,471)
time 256 - Garca (5,485)
time 066 - Sorocaba (5,496)
time 081 - Zona Leste (5,497)
time 173 - Ourinhos (5,503)
time 076 - Zona Leste (5,509)
time 010 - Mogi das Cruzes (5,515)
time 299 - Tatui (5,523)
time 079 - Zona Leste (5,524)
time 250 - Guaratingueta (5,561)
time 093 - Braganca Paulista (4,195)
time 042 - Mogi Mirim (4,231)
time 030 - Ferraz Vasconcelos (4,239)
time 101 - Braganca Paulista (4,240)
time 186 - Diadema (4,241)
time 047 - Mogi Mirim (4,250)
time 230 - Marilia (4,254)
time 129 - Sao Paulo (4,259)
time 048 - Mogi Mirim (4,260)
time 136 - Americana (4,261)
time 172 - Sao Caetano (4,262)
time 270 - Taquaritinga (4,263)
time 176 - Ourinhos (4,270)
time 183 - Ourinhos (4,274)
time 203 - Sao Jose dos Campos (4,275)
time 021 - Ferraz Vasconcelos (4,277)
time 141 - Americana (4,278)
time 260 - Praia Grande (4,279)
time 182 - Ourinhos (4,281)
time 263 - Campinas (4,282)
time 276 - Taubate (4,284)
time 070 - Sorocaba (4,285)
time 171 - Sao Caetano (4,287)
time 204 - Sao Jose dos Campos (4,291)
time 221 - Ipiranga (4,292)
time 046 - Mogi Mirim (4,296)
time 131 - Sao Paulo (4,299)
time 097 - Braganca Paulista (4,300)
time 056 - Sorocaba (4,302)
time 194 - Diadema (4,306)
time 167 - Sao Caetano (4,310)
time 214 - Santana de Parnaiba (4,311)
time 143 - Americana (4,314)
time 274 - Taubate (4,315)
time 078 - Zona Leste (4,322)
time 020 - Ferraz Vasconcelos (4,329)
time 209 - Santana de Parnaiba (4,334)
time 037 - Mogi Mirim (4,340)
time 188 - Diadema (4,343)
time 193 - Diadema (4,344)
time 162 - Sao Caetano (4,348)
time 229 - Marilia (4,355)
time 051 - Mogi Mirim (3,112)
time 158 - Zona Sul (3,120)
time 137 - Americana (3,124)
time 288 - Jundiai (3,130)
time 004 - Mogi das Cruzes (3,136)
time 118 - Guarulhos (3,139)
time 033 - Ferraz Vasconcelos (3,140)
time 053 - Mogi Mirim (3,141)
time 073 - Zona Leste (3,142)
time 185 - Diadema (3,143)
time 208 - Sao Jose dos Campos (3,144)
time 032 - Ferraz Vasconcelos (3,145)
time 119 - Guarulhos (3,146)
time 017 - Mogi das Cruzes (3,147)
time 016 - Mogi das Cruzes (3,148)
time 060 - Sorocaba (3,149)
time 109 - Guarulhos (3,151)
time 099 - Braganca Paulista (3,153)
time 072 - Sorocaba (3,154)
time 015 - Mogi das Cruzes (3,155)
time 264 - Campinas (3,156)
time 080 - Zona Leste (3,157)
time 145 - Americana (3,158)
time 013 - Mogi das Cruzes (3,159)
time 045 - Mogi Mirim (3,160)
time 058 - Sorocaba (3,161)
time 164 - Sao Caetano (3,162)
time 062 - Sorocaba (3,163)
time 271 - Taquaritinga (3,164)
time 281 - Cotia (3,165)
time 055 - Sorocaba (3,166)
time 301 - Rio Claro (3,167)
time 303 - Atibaia (3,168)
time 135 - Americana (3,169)
time 089 - Braganca Paulista (3,170)
time 148 - Americana (3,171)
time 159 - Zona Sul (3,172)
time 235 - Marilia (3,173)
time 265 - Campinas (3,174)
time 022 - Ferraz Vasconcelos (3,175)
time 219 - Ipiranga (3,176)
time 142 - Americana (3,177)
time 217 - Santana de Parnaiba (3,178)
time 006 - Mogi das Cruzes (3,179)
time 123 - Sao Paulo (3,180)
time 139 - Americana (3,181)
time 195 - Diadema (3,182)
time 197 - Sao Jose dos Campos (3,183)
time 202 - Sao Jose dos Campos (3,184)
time 067 - Sorocaba (3,185)
time 220 - Ipiranga (3,186)
time 086 - Zona Leste (3,187)
time 240 - Ribeirao Preto (3,188)
time 192 - Diadema (3,189)
time 014 - Mogi das Cruzes (3,190)
time 124 - Sao Paulo (3,191)
time 152 - Zona Sul (3,192)
time 187 - Diadema (3,193)
time 222 - Ipiranga (3,194)
time 011 - Mogi das Cruzes (3,195)
time 242 - Ribeirao Preto (3,196)
time 065 - Sorocaba (3,197)
time 153 - Zona Sul (3,198)
time 121 - Sao Paulo (3,199)
time 054 - Mogi Mirim (3,200)
time 223 - Ipiranga (3,201)
time 246 - Guaratingueta (3,202)
time 026 - Ferraz Vasconcelos (3,203)
time 201 - Sao Jose dos Campos (3,204)
time 180 - Ourinhos (3,205)
time 248 - Guaratingueta (3,206)
time 269 - Taquaritinga (3,207)
time 291 - Itapira (3,208)
time 293 - Presidente Prudente (3,209)
time 161 - Sao Caetano (3,210)
time 106 - Guarulhos (3,211)
time 297 - Franca (3,212)
time 251 - Garca (3,216)
time 216 - Santana de Parnaiba (3,217)
time 091 - Braganca Paulista (3,218)
time 144 - Americana (3,222)
time 110 - Guarulhos (3,223)
time 174 - Ourinhos (3,224)
time 238 - Ribeirao Preto (3,228)
time 002 - Mogi das Cruzes (3,235)
time 156 - Zona Sul (3,237)
time 009 - Mogi das Cruzes (3,253)
time 077 - Zona Leste (3,259)
time 218 - Santana de Parnaiba (3,267)
time 112 - Guarulhos (2,63)
time 296 - Araras (2,73)
time 087 - Zona Leste (2,74)
time 285 - Itapetininga (2,75)
time 241 - Ribeirao Preto (2,84)
time 245 - Guaratingueta (2,95)
time 114 - Guarulhos (2,98)
time 134 - Sao Paulo (2,100)
time 039 - Mogi Mirim (2,104)
time 279 - Osasco (2,105)
time 165 - Sao Caetano (2,117)
time 083 - Zona Leste (2,118)
time 249 - Guaratingueta (2,119)
time 038 - Mogi Mirim (2,123)
time 126 - Sao Paulo (2,160)
time 231 - Marilia (1,24)
time 103 - Braganca Paulista (1,29)
time 133 - Sao Paulo (1,30)
time 031 - Ferraz Vasconcelos (1,46)
time 160 - Zona Sul (1,48)

Desclassificados
time 049 - Mogi Mirim (0,0)
time 151 - Zona Sul (0,0)
time 211 - Santana de Parnaiba (0,0)
time 257 - Praia Grande (0,0)

Apuracao concluida!
