Classificados para a Final
time 010 - Mogi das Cruzes (10,1706)
time 038 - Ferraz Vasconcelos (12,2107)
time 050 - Mogi Mirim (12,2154)
time 054 - Mogi Mirim (9,1087)
time 069 - Sorocaba (9,1117)
time 072 - Sorocaba (12,2193)
time 074 - Sorocaba (9,1253)
time 091 - Zona Leste (9,1150)
time 096 - Zona Leste (11,1288)
time 108 - Zona Leste (10,1844)
time 116 - Braganca Paulista (11,1749)
time 123 - Braganca Paulista (9,1103)
time 146 - Guarulhos (11,1826)
time 151 - Sao Paulo (9,1237)
time 152 - Sao Paulo (10,1785)
time 160 - Sao Paulo (9,1276)
time 162 - Sao Paulo (12,2152)
time 164 - Sao Paulo (11,1679)
time 166 - Americana (12,2115)
time 182 - Americana (9,1301)
time 197 - Zona Sul (9,1313)
time 202 - Sao Caetano (12,1968)
time 208 - Sao Caetano (10,1713)
time 211 - Sao Caetano (12,2564)
time 215 - Ourinhos (10,1433)
time 228 - Diadema (9,1326)
time 253 - Sao Jose dos Campos (9,1225)
time 263 - Santana de Parnaiba (9,1524)
time 270 - Ipiranga (9,1392)
time 282 - Marilia (9,1181)
time 285 - Marilia (11,1630)
time 296 - Ribeirao Preto (9,1657)
time 307 - Guaratingueta (8,1056)
time 314 - Garca (8,934)
time 316 - Praia Grande (9,1057)
time 324 - Campinas (10,1548)
time 330 - Taquaritinga (8,779)
time 337 - Taubate (8,1258)
time 344 - Osasco (7,1014)
time 348 - Cotia (7,758)
time 351 - Itapetininga (8,890)
time 353 - Jundiai (3,234)
time 354 - Carapicuiba (12,2001)
time 356 - Itapira (6,449)
time 359 - Presidente Prudente (3,235)
time 360 - Araras (8,878)
time 362 - Franca (7,685)
time 365 - Tatui (4,237)
time 367 - Rio Claro (7,858)
time 368 - Atibaia (8,1016)

Lista de Espera
time 290 - Marilia (9,1316)
time 079 - Sorocaba (9,1322)
time 210 - Sao Caetano (9,1327)
time 167 - Americana (9,1412)
time 017 - Mogi das Cruzes (9,1507)
time 322 - Praia Grande (9,1612)
time 258 - Santana de Parnaiba (9,1672)
time 213 - Ourinhos (9,1737)
time 021 - Mogi das Cruzes (8,716)
time 161 - Sao Paulo (8,776)
time 131 - Guarulhos (8,778)
time 147 - Guarulhos (8,803)
time 178 - Americana (8,839)
time 260 - Santana de Parnaiba (8,848)
time 267 - Santana de Parnaiba (8,857)
time 220 - Ourinhos (8,893)
time 119 - Braganca Paulista (8,905)
time 129 - Guarulhos (8,932)
time 140 - Guarulhos (8,970)
time 134 - Guarulhos (8,1000)
time 143 - Guarulhos (8,1061)
time 055 - Mogi Mirim (8,1077)
time 309 - Garca (8,1115)
time 304 - Guaratingueta (8,1128)
time 111 - Braganca Paulista (8,1194)
time 299 - Ribeirao Preto (8,1241)
time 291 - Marilia (7,649)
time 065 - Mogi Mirim (7,702)
time 198 - Sao Caetano (7,726)
time 169 - Americana (7,737)
time 031 - Ferraz Vasconcelos (7,756)
time 124 - Braganca Paulista (7,759)
time 034 - Ferraz Vasconcelos (7,768)
time 046 - Mogi Mirim (7,782)
time 217 - Ourinhos (7,791)
time 338 - Taubate (7,802)
time 254 - Sao Jose dos Campos (7,818)
time 335 - Taubate (7,819)
time 347 - Cotia (7,821)
time 001 - Mogi das Cruzes (7,822)
time 107 - Zona Leste (7,823)
time 153 - Sao Paulo (7,824)
time 245 - Sao Jose dos Campos (7,835)
time 114 - Braganca Paulista (7,847)
time 288 - Marilia (7,850)
time 052 - Mogi Mirim (7,851)
time 240 - Diadema (7,856)
time 311 - Garca (7,864)
time 230 - Diadema (7,868)
time 121 - Braganca Paulista (7,874)
time 137 - Guarulhos (7,878)
time 128 - Braganca Paulista (7,880)
time 237 - Diadema (7,904)
time 030 - Ferraz Vasconcelos (7,911)
time 363 - Franca (7,932)
time 207 - Sao Caetano (7,942)
time 136 - Guarulhos (7,943)
time 187 - Zona Sul (7,948)
time 122 - Braganca Paulista (7,965)
time 053 - Mogi Mirim (7,970)
time 201 - Sao Caetano (7,1000)
time 310 - Garca (7,1040)
time 100 - Zona Leste (7,1064)
time 095 - Zona Leste (7,1098)
time 057 - Mogi Mirim (6,393)
time 243 - Sao Jose dos Campos (6,440)
time 329 - Campinas (6,461)
time 109 - Braganca Paulista (6,493)
time 305 - Guaratingueta (6,512)
time 349 - Cotia (6,525)
time 229 - Diadema (6,531)
time 077 - Sorocaba (6,544)
time 060 - Mogi Mirim (6,561)
time 204 - Sao Caetano (6,580)
time 154 - Sao Paulo (6,592)
time 369 - Atibaia (6,603)
time 035 - Ferraz Vasconcelos (6,609)
time 336 - Taubate (6,617)
time 044 - Ferraz Vasconcelos (6,620)
time 301 - Ribeirao Preto (6,625)
time 013 - Mogi das Cruzes (6,628)
time 241 - Diadema (6,630)
time 225 - Ourinhos (6,644)
time 219 - Ourinhos (6,649)
time 059 - Mogi Mirim (6,650)
time 312 - Garca (6,656)
time 257 - Sao Jose dos Campos (6,658)
time 020 - Mogi das Cruzes (6,660)
time 279 - Ipiranga (6,664)
time 274 - Ipiranga (6,670)
time 319 - Praia Grande (6,692)
time 002 - Mogi das Cruzes (6,696)
time 327 - Campinas (6,729)
time 308 - Guaratingueta (6,770)
time 300 - Ribeirao Preto (6,774)
time 214 - Ourinhos (6,777)
time 176 - Americana (5,300)
time 118 - Braganca Paulista (5,327)
time 066 - Mogi Mirim (5,350)
time 027 - Ferraz Vasconcelos (5,358)
time 326 - Campinas (5,359)
time 133 - Guarulhos (5,370)
time 083 - Sorocaba (5,374)
time 011 - Mogi das Cruzes (5,375)
time 139 - Guarulhos (5,376)
time 292 - Ribeirao Preto (5,381)
time 247 - Sao Jose dos Campos (5,382)
time 340 - Osasco (5,390)
time 106 - Zona Leste (5,404)
time 361 - Araras (5,409)
time 192 - Zona Sul (5,411)
time 049 - Mogi Mirim (5,412)
time 189 - Zona Sul (5,416)
time 275 - Ipiranga (5,418)
time 203 - Sao Caetano (5,420)
time 125 - Braganca Paulista (5,421)
time 180 - Americana (5,423)
time 014 - Mogi das Cruzes (5,433)
time 056 - Mogi Mirim (5,436)
time 092 - Zona Leste (5,450)
time 293 - Ribeirao Preto (5,451)
time 249 - Sao Jose dos Campos (5,453)
time 156 - Sao Paulo (5,459)
time 332 - Taquaritinga (5,463)
time 221 - Ourinhos (5,495)
time 024 - Ferraz Vasconcelos (5,497)
time 019 - Mogi das Cruzes (5,503)
time 246 - Sao Jose dos Campos (5,504)
time 224 - Ourinhos (5,532)
time 216 - Ourinhos (5,549)
time 350 - Itapetininga (5,558)
time 012 - Mogi das Cruzes (4,227)
time 222 - Ourinhos (4,228)
time 264 - Santana de Parnaiba (4,235)
time 262 - Santana de Parnaiba (4,236)
time 188 - Zona Sul (4,242)
time 303 - Guaratingueta (4,243)
time 102 - Zona Leste (4,253)
time 008 - Mogi das Cruzes (4,254)
time 284 - Marilia (4,256)
time 177 - Americana (4,257)
time 235 - Diadema (4,258)
time 130 - Guarulhos (4,260)
time 089 - Zona Leste (4,265)
time 018 - Mogi das Cruzes (4,267)
time 022 - Mogi das Cruzes (4,270)
time 190 - Zona Sul (4,271)
time 234 - Diadema (4,272)
time 250 - Sao Jose dos Campos (4,273)
time 127 - Braganca Paulista (4,275)
time 078 - Sorocaba (4,278)
time 138 - Guarulhos (4,283)
time 117 - Braganca Paulista (4,289)
time 076 - Sorocaba (4,290)
time 148 - Guarulhos (4,291)
time 103 - Zona Leste (4,293)
time 120 - Braganca Paulista (4,294)
time 242 - Diadema (4,295)
time 277 - Ipiranga (4,296)
time 097 - Zona Leste (4,297)
time 171 - Americana (4,298)
time 226 - Ourinhos (4,299)
time 170 - Americana (4,300)
time 286 - Marilia (4,301)
time 227 - Ourinhos (4,303)
time 061 - Mogi Mirim (4,306)
time 283 - Marilia (4,307)
time 339 - Taubate (4,309)
time 126 - Braganca Paulista (4,312)
time 345 - Cotia (4,313)
time 064 - Mogi Mirim (4,319)
time 115 - Braganca Paulista (4,320)
time 132 - Guarulhos (4,321)
time 236 - Diadema (4,322)
time 313 - Garca (4,337)
time 145 - Guarulhos (4,349)
time 272 - Ipiranga (4,380)
time 233 - Diadema (4,381)
time 297 - Ribeirao Preto (4,392)
time 251 - Sao Jose dos Campos (3,111)
time 099 - Zona Leste (3,127)
time 157 - Sao Paulo (3,128)
time 007 - Mogi das Cruzes (3,129)
time 080 - Sorocaba (3,130)
time 101 - Zona Leste (3,132)
time 317 - Praia Grande (3,133)
time 105 - Zona Leste (3,134)
time 150 - Sao Paulo (3,135)
time 200 - Sao Caetano (3,136)
time 006 - Mogi das Cruzes (3,141)
time 231 - Diadema (3,142)
time 318 - Praia Grande (3,143)
time 193 - Zona Sul (3,144)
time 029 - Ferraz Vasconcelos (3,145)
time 067 - Sorocaba (3,146)
time 015 - Mogi das Cruzes (3,147)
time 087 - Sorocaba (3,148)
time 062 - Mogi Mirim (3,149)
time 110 - Braganca Paulista (3,150)
time 113 - Braganca Paulista (3,151)
time 159 - Sao Paulo (3,152)
time 244 - Sao Jose dos Campos (3,153)
time 268 - Santana de Parnaiba (3,154)
time 081 - Sorocaba (3,155)
time 082 - Sorocaba (3,156)
time 172 - Americana (3,157)
time 209 - Sao Caetano (3,158)
time 088 - Sorocaba (3,159)
time 206 - Sao Caetano (3,160)
time 163 - Sao Paulo (3,161)
time 223 - Ourinhos (3,162)
time 195 - Zona Sul (3,163)
time 269 - Santana de Parnaiba (3,164)
time 142 - Guarulhos (3,165)
time 276 - Ipiranga (3,166)
time 094 - Zona Leste (3,167)
time 218 - Ourinhos (3,168)
time 033 - Ferraz Vasconcelos (3,169)
time 252 - Sao Jose dos Campos (3,170)
time 165 - Sao Paulo (3,171)
time 063 - Mogi Mirim (3,172)
time 173 - Americana (3,173)
time 196 - Zona Sul (3,174)
time 051 - Mogi Mirim (3,175)
time 058 - Mogi Mirim (3,176)
time 104 - Zona Leste (3,177)
time 085 - Sorocaba (3,178)
time 025 - Ferraz Vasconcelos (3,179)
time 037 - Ferraz Vasconcelos (3,180)
time 041 - Ferraz Vasconcelos (3,181)
time 073 - Sorocaba (3,182)
time 075 - Sorocaba (3,183)
time 032 - Ferraz Vasconcelos (3,184)
time 042 - Ferraz Vasconcelos (3,185)
time 026 - Ferraz Vasconcelos (3,186)
time 048 - Mogi Mirim (3,187)
time 135 - Guarulhos (3,188)
time 183 - Zona Sul (3,189)
time 205 - Sao Caetano (3,190)
time 175 - Americana (3,191)
time 043 - Ferraz Vasconcelos (3,192)
time 003 - Mogi das Cruzes (3,193)
time 199 - Sao Caetano (3,194)
time 239 - Diadema (3,195)
time 232 - Diadema (3,196)
time 028 - Ferraz Vasconcelos (3,197)
time 255 - Sao Jose dos Campos (3,198)
time 039 - Ferraz Vasconcelos (3,199)
time 090 - Zona Leste (3,200)
time 238 - Diadema (3,201)
time 256 - Sao Jose dos Campos (3,202)
time 261 - Santana de Parnaiba (3,203)
time 265 - Santana de Parnaiba (3,204)
time 009 - Mogi das Cruzes (3,205)
time 068 - Sorocaba (3,206)
time 040 - Ferraz Vasconcelos (3,207)
time 155 - Sao Paulo (3,208)
time 093 - Zona Leste (3,209)
time 186 - Zona Sul (3,210)
time 266 - Santana de Parnaiba (3,211)
time 212 - Sao Caetano (3,212)
time 271 - Ipiranga (3,213)
time 273 - Ipiranga (3,214)
time 278 - Ipiranga (3,215)
time 280 - Ipiranga (3,216)
time 016 - Mogi das Cruzes (3,217)
time 281 - Ipiranga (3,218)
time 289 - Marilia (3,219)
time 294 - Ribeirao Preto (3,220)
time 320 - Praia Grande (3,221)
time 325 - Campinas (3,222)
time 045 - Mogi Mirim (3,223)
time 331 - Taquaritinga (3,224)
time 174 - Americana (3,225)
time 112 - Braganca Paulista (3,226)
time 333 - Taquaritinga (3,227)
time 334 - Taquaritinga (3,228)
time 341 - Osasco (3,229)
time 287 - Marilia (3,230)
time 343 - Osasco (3,231)
time 023 - Ferraz Vasconcelos (3,232)
time 346 - Cotia (3,233)
time 355 - Carapicuiba (3,236)
time 364 - Tatui (3,237)
time 366 - Rio Claro (3,239)
time 005 - Mogi das Cruzes (3,252)
time 321 - Praia Grande (3,257)
time 185 - Zona Sul (3,261)
time 184 - Zona Sul (3,272)
time 323 - Campinas (3,279)
time 306 - Guaratingueta (2,70)
time 168 - Americana (2,80)
time 342 - Osasco (2,92)
time 179 - Americana (2,96)
time 357 - Itapira (2,100)
time 358 - Presidente Prudente (2,101)
time 149 - Sao Paulo (2,105)
time 036 - Ferraz Vasconcelos (2,114)
time 144 - Guarulhos (2,115)
time 098 - Zona Leste (2,121)
time 004 - Mogi das Cruzes (2,122)
time 298 - Ribeirao Preto (2,160)
time 070 - Sorocaba (2,164)
time 158 - Sao Paulo (1,21)
time 141 - Guarulhos (1,27)
time 047 - Mogi Mirim (1,40)
time 181 - Americana (1,43)
time 194 - Zona Sul (1,44)
time 248 - Sao Jose dos Campos (1,61)
time 191 - Zona Sul (1,64)
time 071 - Sorocaba (1,70)

Desclassificados
time 084 - Sorocaba (0,0)
time 086 - Sorocaba (0,0)
time 259 - Santana de Parnaiba (0,0)
time 295 - Ribeirao Preto (0,0)
time 302 - Guaratingueta (0,0)
time 315 - Garca (0,0)
time 328 - Campinas (0,0)
time 352 - Jundiai (0,0)

Apuracao concluida!
